[2021-06-16 10:10:15]  Global Secondary INDEX REBUILD..
[2021-06-16 10:10:35]  Global Secondary INDEX REBUILD..
[2021-06-16 10:10:44] -- CYCLONE_SLAVE_TABLE_PRIMARY_KEY_INDEX Start
[2021-06-16 10:10:47] -- [ERROR] CYCLONE_SLAVE_TABLE_PRIMARY_KEY_INDEX is too BIG!! :: TEMP_TBS's FREE - INDEX CYCLONE_SLAVE_TABLE_PRIMARY_KEY_INDEX's Mbyte = 649. 
[2021-06-16 10:10:47] -- CYCLONE_SLAVE_TABLE_PRIMARY_KEY_INDEX End
[2021-06-16 10:10:47] -- CYCLONE_SLAVE_STATE_PRIMARY_KEY_INDEX Start
[2021-06-16 10:10:51] -- [ERROR] CYCLONE_SLAVE_STATE_PRIMARY_KEY_INDEX is too BIG!! :: TEMP_TBS's FREE - INDEX CYCLONE_SLAVE_STATE_PRIMARY_KEY_INDEX's Mbyte = 649. 
[2021-06-16 10:10:51] -- CYCLONE_SLAVE_STATE_PRIMARY_KEY_INDEX End
[2021-06-16 10:10:51] -- CLONED2_PRIMARY_KEY_INDEX Start
[2021-06-16 10:10:55] -- [ERROR] CLONED2_PRIMARY_KEY_INDEX is too BIG!! :: TEMP_TBS's FREE - INDEX CLONED2_PRIMARY_KEY_INDEX's Mbyte = 649. 
[2021-06-16 10:10:55] -- CLONED2_PRIMARY_KEY_INDEX End
[2021-06-16 10:10:55] -- CLONED1_PRIMARY_KEY_INDEX Start
[2021-06-16 10:10:58] -- [ERROR] CLONED1_PRIMARY_KEY_INDEX is too BIG!! :: TEMP_TBS's FREE - INDEX CLONED1_PRIMARY_KEY_INDEX's Mbyte = 649. 
[2021-06-16 10:10:58] -- CLONED1_PRIMARY_KEY_INDEX End
[2021-06-16 10:10:58] -- SHARD2_PRIMARY_KEY_INDEX Start
[2021-06-16 10:11:02] -- [ERROR] SHARD2_PRIMARY_KEY_INDEX is too BIG!! :: TEMP_TBS's FREE - INDEX SHARD2_PRIMARY_KEY_INDEX's Mbyte = 649. 
[2021-06-16 10:11:02] -- SHARD2_PRIMARY_KEY_INDEX End
[2021-06-16 10:11:02] -- SHARD1_PRIMARY_KEY_INDEX Start
[2021-06-16 10:11:05] -- [ERROR] SHARD1_PRIMARY_KEY_INDEX is too BIG!! :: TEMP_TBS's FREE - INDEX SHARD1_PRIMARY_KEY_INDEX's Mbyte = 649. 
[2021-06-16 10:11:05] -- SHARD1_PRIMARY_KEY_INDEX End
[2021-06-16 10:11:05] -- DEDUCTION_C_PRIMARY_KEY_INDEX Start
[2021-06-16 10:11:09] -- [ERROR] DEDUCTION_C_PRIMARY_KEY_INDEX is too BIG!! :: TEMP_TBS's FREE - INDEX DEDUCTION_C_PRIMARY_KEY_INDEX's Mbyte = 649. 
[2021-06-16 10:11:09] -- DEDUCTION_C_PRIMARY_KEY_INDEX End
[2021-06-16 10:11:09] -- DEDUCTION_PRIMARY_KEY_INDEX Start
[2021-06-16 10:11:12] -- [ERROR] DEDUCTION_PRIMARY_KEY_INDEX is too BIG!! :: TEMP_TBS's FREE - INDEX DEDUCTION_PRIMARY_KEY_INDEX's Mbyte = 634. 
[2021-06-16 10:11:12] -- DEDUCTION_PRIMARY_KEY_INDEX End
[2021-06-16 10:16:33] -- CYCLONE_SLAVE_TABLE_PRIMARY_KEY_INDEX Start
[2021-06-16 10:16:45] -- CYCLONE_SLAVE_TABLE_PRIMARY_KEY_INDEX End
[2021-06-16 10:16:45] -- CYCLONE_SLAVE_STATE_PRIMARY_KEY_INDEX Start
[2021-06-16 10:16:56] -- CYCLONE_SLAVE_STATE_PRIMARY_KEY_INDEX End
[2021-06-16 10:16:56] -- CLONED2_PRIMARY_KEY_INDEX Start
[2021-06-16 10:17:07] -- CLONED2_PRIMARY_KEY_INDEX End
[2021-06-16 10:17:07] -- CLONED1_PRIMARY_KEY_INDEX Start
[2021-06-16 10:17:18] -- CLONED1_PRIMARY_KEY_INDEX End
[2021-06-16 10:17:18] -- SHARD2_PRIMARY_KEY_INDEX Start
[2021-06-16 10:18:11] -- SHARD2_PRIMARY_KEY_INDEX Start
[2021-06-16 10:18:12] -- SHARD2_PRIMARY_KEY_INDEX End
[2021-06-16 10:18:12] -- CLONED1_PRIMARY_KEY_INDEX Start
[2021-06-16 10:18:13] -- CLONED1_PRIMARY_KEY_INDEX End
[2021-06-16 10:18:13] -- CLONED2_PRIMARY_KEY_INDEX Start
[2021-06-16 10:18:14] -- CLONED2_PRIMARY_KEY_INDEX End
[2021-06-16 10:18:14] -- SHARD1_PRIMARY_KEY_INDEX Start
[2021-06-16 10:18:15] -- SHARD1_PRIMARY_KEY_INDEX End
[2021-06-16 10:18:15] -- CYCLONE_SLAVE_STATE_PRIMARY_KEY_INDEX Start
[2021-06-16 10:18:16] -- CYCLONE_SLAVE_STATE_PRIMARY_KEY_INDEX End
[2021-06-16 10:18:16] -- CYCLONE_SLAVE_TABLE_PRIMARY_KEY_INDEX Start
[2021-06-16 10:18:17] -- CYCLONE_SLAVE_TABLE_PRIMARY_KEY_INDEX End
[2021-06-16 10:18:17] -- DEDUCTION_C_PRIMARY_KEY_INDEX Start
[2021-06-16 10:18:19] -- DEDUCTION_C_PRIMARY_KEY_INDEX End
[2021-06-16 10:18:19] -- DEDUCTION_PRIMARY_KEY_INDEX Start
[2021-06-16 10:18:20] -- DEDUCTION_PRIMARY_KEY_INDEX End
[2021-06-16 10:26:05]  Global Secondary INDEX REBUILD..
[2021-06-16 10:26:25] -- CLONED2_PRIMARY_KEY_INDEX Start
[2021-06-16 10:26:27] -- CLONED2_PRIMARY_KEY_INDEX End
[2021-06-16 10:26:27] -- CLONED1_PRIMARY_KEY_INDEX Start
[2021-06-16 10:26:28] -- CLONED1_PRIMARY_KEY_INDEX End
[2021-06-16 10:26:28] -- SHARD2_PRIMARY_KEY_INDEX Start
[2021-06-16 10:26:29] -- SHARD2_PRIMARY_KEY_INDEX End
[2021-06-16 10:26:29] -- DEDUCTION_C_PRIMARY_KEY_INDEX Start
[2021-06-16 10:26:30] -- DEDUCTION_C_PRIMARY_KEY_INDEX End
[2021-06-16 10:26:30] -- CYCLONE_SLAVE_TABLE_PRIMARY_KEY_INDEX Start
[2021-06-16 10:26:31] -- CYCLONE_SLAVE_TABLE_PRIMARY_KEY_INDEX End
[2021-06-16 10:26:31] -- CYCLONE_SLAVE_STATE_PRIMARY_KEY_INDEX Start
[2021-06-16 10:26:32] -- CYCLONE_SLAVE_STATE_PRIMARY_KEY_INDEX End
[2021-06-16 10:26:32] -- SHARD1_PRIMARY_KEY_INDEX Start
[2021-06-16 10:26:33] -- SHARD1_PRIMARY_KEY_INDEX End
[2021-06-16 10:26:33] -- DEDUCTION_PRIMARY_KEY_INDEX Start
[2021-06-16 10:26:35] -- DEDUCTION_PRIMARY_KEY_INDEX End
[2021-06-16 10:27:41] -- CLONED1_PRIMARY_KEY_INDEX Start
[2021-06-16 10:27:42] -- CLONED1_PRIMARY_KEY_INDEX End
[2021-06-16 10:27:42] -- CLONED2_PRIMARY_KEY_INDEX Start
[2021-06-16 10:27:43] -- CLONED2_PRIMARY_KEY_INDEX End
[2021-06-16 10:27:43] -- SHARD1_PRIMARY_KEY_INDEX Start
[2021-06-16 10:27:44] -- SHARD1_PRIMARY_KEY_INDEX End
[2021-06-16 10:27:44] -- CYCLONE_SLAVE_STATE_PRIMARY_KEY_INDEX Start
[2021-06-16 10:27:45] -- CYCLONE_SLAVE_STATE_PRIMARY_KEY_INDEX End
[2021-06-16 10:27:45] -- CYCLONE_SLAVE_TABLE_PRIMARY_KEY_INDEX Start
[2021-06-16 10:27:46] -- CYCLONE_SLAVE_TABLE_PRIMARY_KEY_INDEX End
[2021-06-16 10:27:46] -- DEDUCTION_C_PRIMARY_KEY_INDEX Start
[2021-06-16 10:27:48] -- DEDUCTION_C_PRIMARY_KEY_INDEX End
[2021-06-16 10:27:48] -- SHARD2_PRIMARY_KEY_INDEX Start
[2021-06-16 10:27:49] -- SHARD2_PRIMARY_KEY_INDEX End
[2021-06-16 10:27:49] -- DEDUCTION_PRIMARY_KEY_INDEX Start
[2021-06-16 10:27:50] -- DEDUCTION_PRIMARY_KEY_INDEX End
[2021-06-16 10:28:06] -- CLONED1_PRIMARY_KEY_INDEX Start
[2021-06-16 10:28:07] -- CLONED1_PRIMARY_KEY_INDEX End
[2021-06-16 10:28:07] -- SHARD2_PRIMARY_KEY_INDEX Start
[2021-06-16 10:28:08] -- SHARD2_PRIMARY_KEY_INDEX End
[2021-06-16 10:28:09] -- DEDUCTION_C_PRIMARY_KEY_INDEX Start
[2021-06-16 10:28:10] -- DEDUCTION_C_PRIMARY_KEY_INDEX End
[2021-06-16 10:28:10] -- CYCLONE_SLAVE_TABLE_PRIMARY_KEY_INDEX Start
[2021-06-16 10:28:11] -- CYCLONE_SLAVE_TABLE_PRIMARY_KEY_INDEX End
[2021-06-16 10:28:11] -- CYCLONE_SLAVE_STATE_PRIMARY_KEY_INDEX Start
[2021-06-16 10:28:12] -- CYCLONE_SLAVE_STATE_PRIMARY_KEY_INDEX End
[2021-06-16 10:28:12] -- SHARD1_PRIMARY_KEY_INDEX Start
[2021-06-16 10:28:13] -- SHARD1_PRIMARY_KEY_INDEX End
[2021-06-16 10:28:13] -- CLONED2_PRIMARY_KEY_INDEX Start
[2021-06-16 10:28:14] -- CLONED2_PRIMARY_KEY_INDEX End
[2021-06-16 10:28:14] -- DEDUCTION_PRIMARY_KEY_INDEX Start
[2021-06-16 10:28:16] -- DEDUCTION_PRIMARY_KEY_INDEX End
[2021-06-16 10:28:16] -- CYCLONE_SLAVE_TABLE Start
[2021-06-16 10:28:16] -- CYCLONE_SLAVE_TABLE End
[2021-06-16 10:28:16] -- DEDUCTION Start
[2021-06-16 10:28:16] -- DEDUCTION End
[2021-06-16 10:28:16] -- CLONED1 Start
[2021-06-16 10:28:16] -- CLONED1 End
[2021-06-16 10:28:16] -- SHARD2 Start
[2021-06-16 10:28:16] -- SHARD2 End
[2021-06-16 10:28:16] -- DEDUCTION_C Start
[2021-06-16 10:28:16] -- DEDUCTION_C End
[2021-06-16 10:28:16] -- SHARD1 Start
[2021-06-16 10:28:16] -- SHARD1 End
[2021-06-16 10:28:16] -- CLONED2 Start
[2021-06-16 10:28:16] -- CLONED2 End
[2021-06-16 10:28:16] -- CYCLONE_SLAVE_STATE Start
[2021-06-16 10:28:16] -- CYCLONE_SLAVE_STATE End
[2021-06-16 10:28:55] -- CLONED2_PRIMARY_KEY_INDEX Start
[2021-06-16 10:28:56] -- CLONED2_PRIMARY_KEY_INDEX End
[2021-06-16 10:28:56] -- SHARD1_PRIMARY_KEY_INDEX Start
[2021-06-16 10:28:57] -- SHARD1_PRIMARY_KEY_INDEX End
[2021-06-16 10:28:57] -- CYCLONE_SLAVE_STATE_PRIMARY_KEY_INDEX Start
[2021-06-16 10:28:58] -- CYCLONE_SLAVE_STATE_PRIMARY_KEY_INDEX End
[2021-06-16 10:28:58] -- CYCLONE_SLAVE_TABLE_PRIMARY_KEY_INDEX Start
[2021-06-16 10:28:59] -- CYCLONE_SLAVE_TABLE_PRIMARY_KEY_INDEX End
[2021-06-16 10:28:59] -- DEDUCTION_C_PRIMARY_KEY_INDEX Start
[2021-06-16 10:29:01] -- DEDUCTION_C_PRIMARY_KEY_INDEX End
[2021-06-16 10:29:01] -- SHARD2_PRIMARY_KEY_INDEX Start
[2021-06-16 10:29:02] -- SHARD2_PRIMARY_KEY_INDEX End
[2021-06-16 10:29:02] -- CLONED1_PRIMARY_KEY_INDEX Start
[2021-06-16 10:29:03] -- CLONED1_PRIMARY_KEY_INDEX End
[2021-06-16 10:29:03] -- DEDUCTION_PRIMARY_KEY_INDEX Start
[2021-06-16 10:29:04] -- DEDUCTION_PRIMARY_KEY_INDEX End
[2021-06-16 10:29:04] -- CYCLONE_SLAVE_TABLE Start
[2021-06-16 10:29:04] CYCLONE_SLAVE_TABLE Global Secondary INDEX REBUILD..
[2021-06-16 10:29:04] -- CYCLONE_SLAVE_TABLE End
[2021-06-16 10:29:04] -- DEDUCTION Start
[2021-06-16 10:29:04] DEDUCTION Global Secondary INDEX REBUILD..
[2021-06-16 10:29:05] -- DEDUCTION End
[2021-06-16 10:29:05] -- CLONED1 Start
[2021-06-16 10:29:05] CLONED1 Global Secondary INDEX REBUILD..
[2021-06-16 10:29:05] -- CLONED1 End
[2021-06-16 10:29:05] -- DEDUCTION_C Start
[2021-06-16 10:29:05] DEDUCTION_C Global Secondary INDEX REBUILD..
[2021-06-16 10:29:05] -- DEDUCTION_C End
[2021-06-16 10:29:05] -- SHARD2 Start
[2021-06-16 10:29:05] SHARD2 Global Secondary INDEX REBUILD..
[2021-06-16 10:29:05] -- SHARD2 End
[2021-06-16 10:29:05] -- SHARD1 Start
[2021-06-16 10:29:05] SHARD1 Global Secondary INDEX REBUILD..
[2021-06-16 10:29:05] -- SHARD1 End
[2021-06-16 10:29:05] -- CLONED2 Start
[2021-06-16 10:29:05] CLONED2 Global Secondary INDEX REBUILD..
[2021-06-16 10:29:05] -- CLONED2 End
[2021-06-16 10:29:05] -- CYCLONE_SLAVE_STATE Start
[2021-06-16 10:29:05] CYCLONE_SLAVE_STATE Global Secondary INDEX REBUILD..
[2021-06-16 10:29:05] -- CYCLONE_SLAVE_STATE End
[2021-06-16 10:41:47] -- CLONED1_PRIMARY_KEY_INDEX Start
[2021-06-16 10:41:48] -- CLONED1_PRIMARY_KEY_INDEX End
[2021-06-16 10:41:48] -- SHARD2_PRIMARY_KEY_INDEX Start
[2021-06-16 10:41:49] -- SHARD2_PRIMARY_KEY_INDEX End
[2021-06-16 10:41:49] -- DEDUCTION_C_PRIMARY_KEY_INDEX Start
[2021-06-16 10:41:50] -- DEDUCTION_C_PRIMARY_KEY_INDEX End
[2021-06-16 10:41:50] -- CYCLONE_SLAVE_TABLE_PRIMARY_KEY_INDEX Start
[2021-06-16 10:41:51] -- CYCLONE_SLAVE_TABLE_PRIMARY_KEY_INDEX End
[2021-06-16 10:41:51] -- CYCLONE_SLAVE_STATE_PRIMARY_KEY_INDEX Start
[2021-06-16 10:41:52] -- CYCLONE_SLAVE_STATE_PRIMARY_KEY_INDEX End
[2021-06-16 10:41:52] -- SHARD1_PRIMARY_KEY_INDEX Start
[2021-06-16 10:41:53] -- SHARD1_PRIMARY_KEY_INDEX End
[2021-06-16 10:41:53] -- CLONED2_PRIMARY_KEY_INDEX Start
[2021-06-16 10:41:54] -- CLONED2_PRIMARY_KEY_INDEX End
[2021-06-16 10:41:54] -- DEDUCTION_PRIMARY_KEY_INDEX Start
[2021-06-16 10:41:55] -- DEDUCTION_PRIMARY_KEY_INDEX End
[2021-06-16 10:41:55] -- CYCLONE_SLAVE_TABLE Start
[2021-06-16 10:41:55] CYCLONE_SLAVE_TABLE Global Secondary INDEX REBUILD..
[2021-06-16 10:41:55] -- CYCLONE_SLAVE_TABLE End
[2021-06-16 10:41:55] -- DEDUCTION Start
[2021-06-16 10:41:55] DEDUCTION Global Secondary INDEX REBUILD..
[2021-06-16 10:41:56] -- DEDUCTION End
[2021-06-16 10:41:56] -- CLONED1 Start
[2021-06-16 10:41:56] CLONED1 Global Secondary INDEX REBUILD..
[2021-06-16 10:41:56] -- CLONED1 End
[2021-06-16 10:41:56] -- SHARD2 Start
[2021-06-16 10:41:56] SHARD2 Global Secondary INDEX REBUILD..
[2021-06-16 10:41:56] -- SHARD2 End
[2021-06-16 10:41:56] -- DEDUCTION_C Start
[2021-06-16 10:41:56] DEDUCTION_C Global Secondary INDEX REBUILD..
[2021-06-16 10:41:56] -- DEDUCTION_C End
[2021-06-16 10:41:56] -- SHARD1 Start
[2021-06-16 10:41:56] SHARD1 Global Secondary INDEX REBUILD..
[2021-06-16 10:41:56] -- SHARD1 End
[2021-06-16 10:41:56] -- CLONED2 Start
[2021-06-16 10:41:56] CLONED2 Global Secondary INDEX REBUILD..
[2021-06-16 10:41:56] -- CLONED2 End
[2021-06-16 10:41:56] -- CYCLONE_SLAVE_STATE Start
[2021-06-16 10:41:56] CYCLONE_SLAVE_STATE Global Secondary INDEX REBUILD..
[2021-06-16 10:41:56] -- CYCLONE_SLAVE_STATE End
[2021-06-16 10:43:03] -- CLONED2_PRIMARY_KEY_INDEX Start
[2021-06-16 10:43:04] -- CLONED2_PRIMARY_KEY_INDEX End
[2021-06-16 10:43:04] -- SHARD1_PRIMARY_KEY_INDEX Start
[2021-06-16 10:43:05] -- SHARD1_PRIMARY_KEY_INDEX End
[2021-06-16 10:43:05] -- CYCLONE_SLAVE_STATE_PRIMARY_KEY_INDEX Start
[2021-06-16 10:43:06] -- CYCLONE_SLAVE_STATE_PRIMARY_KEY_INDEX End
[2021-06-16 10:43:06] -- CYCLONE_SLAVE_TABLE_PRIMARY_KEY_INDEX Start
[2021-06-16 10:43:07] -- CYCLONE_SLAVE_TABLE_PRIMARY_KEY_INDEX End
[2021-06-16 10:43:07] -- DEDUCTION_C_PRIMARY_KEY_INDEX Start
[2021-06-16 10:43:08] -- DEDUCTION_C_PRIMARY_KEY_INDEX End
[2021-06-16 10:43:08] -- SHARD2_PRIMARY_KEY_INDEX Start
[2021-06-16 10:43:09] -- SHARD2_PRIMARY_KEY_INDEX End
[2021-06-16 10:43:09] -- CLONED1_PRIMARY_KEY_INDEX Start
[2021-06-16 10:43:10] -- CLONED1_PRIMARY_KEY_INDEX End
[2021-06-16 10:43:10] -- DEDUCTION_PRIMARY_KEY_INDEX Start
[2021-06-16 10:43:12] -- DEDUCTION_PRIMARY_KEY_INDEX End
[2021-06-16 10:43:12] -- CYCLONE_SLAVE_TABLE Start
[2021-06-16 10:43:12] -- CYCLONE_SLAVE_TABLE Global Secondary INDEX REBUILD..
[2021-06-16 10:43:12] -- CYCLONE_SLAVE_TABLE End
[2021-06-16 10:43:12] -- DEDUCTION Start
[2021-06-16 10:43:12] -- DEDUCTION Global Secondary INDEX REBUILD..
[2021-06-16 10:43:13] -- DEDUCTION End
[2021-06-16 10:43:13] -- CLONED1 Start
[2021-06-16 10:43:13] -- CLONED1 Global Secondary INDEX REBUILD..
[2021-06-16 10:43:13] -- CLONED1 End
[2021-06-16 10:43:13] -- DEDUCTION_C Start
[2021-06-16 10:43:13] -- DEDUCTION_C Global Secondary INDEX REBUILD..
[2021-06-16 10:43:13] -- DEDUCTION_C End
[2021-06-16 10:43:13] -- SHARD2 Start
[2021-06-16 10:43:13] -- SHARD2 Global Secondary INDEX REBUILD..
[2021-06-16 10:43:13] -- SHARD2 End
[2021-06-16 10:43:13] -- SHARD1 Start
[2021-06-16 10:43:13] -- SHARD1 Global Secondary INDEX REBUILD..
[2021-06-16 10:43:13] -- SHARD1 End
[2021-06-16 10:43:13] -- CLONED2 Start
[2021-06-16 10:43:13] -- CLONED2 Global Secondary INDEX REBUILD..
[2021-06-16 10:43:13] -- CLONED2 End
[2021-06-16 10:43:13] -- CYCLONE_SLAVE_STATE Start
[2021-06-16 10:43:13] -- CYCLONE_SLAVE_STATE Global Secondary INDEX REBUILD..
[2021-06-16 10:43:13] -- CYCLONE_SLAVE_STATE End

[2021-06-16 10:44:16] -- CLONED1_PRIMARY_KEY_INDEX Start
[2021-06-16 10:44:17] -- CLONED1_PRIMARY_KEY_INDEX End
[2021-06-16 10:44:17] -- SHARD2_PRIMARY_KEY_INDEX Start
[2021-06-16 10:44:18] -- SHARD2_PRIMARY_KEY_INDEX End
[2021-06-16 10:44:18] -- DEDUCTION_C_PRIMARY_KEY_INDEX Start
[2021-06-16 10:44:19] -- DEDUCTION_C_PRIMARY_KEY_INDEX End
[2021-06-16 10:44:19] -- CYCLONE_SLAVE_TABLE_PRIMARY_KEY_INDEX Start
[2021-06-16 10:44:21] -- CYCLONE_SLAVE_TABLE_PRIMARY_KEY_INDEX End
[2021-06-16 10:44:21] -- CYCLONE_SLAVE_STATE_PRIMARY_KEY_INDEX Start
[2021-06-16 10:44:22] -- CYCLONE_SLAVE_STATE_PRIMARY_KEY_INDEX End
[2021-06-16 10:44:22] -- SHARD1_PRIMARY_KEY_INDEX Start
[2021-06-16 10:44:23] -- SHARD1_PRIMARY_KEY_INDEX End
[2021-06-16 10:44:23] -- CLONED2_PRIMARY_KEY_INDEX Start
[2021-06-16 10:44:24] -- CLONED2_PRIMARY_KEY_INDEX End
[2021-06-16 10:44:24] -- DEDUCTION_PRIMARY_KEY_INDEX Start
[2021-06-16 10:44:25] -- DEDUCTION_PRIMARY_KEY_INDEX End
[2021-06-16 10:44:25] -- CYCLONE_SLAVE_TABLE Start
[2021-06-16 10:44:25] -- CYCLONE_SLAVE_TABLE Global Secondary INDEX REBUILD..
[2021-06-16 10:44:25] -- CYCLONE_SLAVE_TABLE End
[2021-06-16 10:44:25] -- DEDUCTION Start
[2021-06-16 10:44:25] -- DEDUCTION Global Secondary INDEX REBUILD..
[2021-06-16 10:44:26] -- DEDUCTION End
[2021-06-16 10:44:26] -- CLONED1 Start
[2021-06-16 10:44:26] -- CLONED1 Global Secondary INDEX REBUILD..
[2021-06-16 10:44:26] -- CLONED1 End
[2021-06-16 10:44:26] -- SHARD2 Start
[2021-06-16 10:44:26] -- SHARD2 Global Secondary INDEX REBUILD..
[2021-06-16 10:44:26] -- SHARD2 End
[2021-06-16 10:44:26] -- DEDUCTION_C Start
[2021-06-16 10:44:26] -- DEDUCTION_C Global Secondary INDEX REBUILD..
[2021-06-16 10:44:26] -- DEDUCTION_C End
[2021-06-16 10:44:26] -- SHARD1 Start
[2021-06-16 10:44:26] -- SHARD1 Global Secondary INDEX REBUILD..
[2021-06-16 10:44:26] -- SHARD1 End
[2021-06-16 10:44:26] -- CLONED2 Start
[2021-06-16 10:44:26] -- CLONED2 Global Secondary INDEX REBUILD..
[2021-06-16 10:44:26] -- CLONED2 End
[2021-06-16 10:44:26] -- CYCLONE_SLAVE_STATE Start
[2021-06-16 10:44:26] -- CYCLONE_SLAVE_STATE Global Secondary INDEX REBUILD..
[2021-06-16 10:44:26] -- CYCLONE_SLAVE_STATE End


[2021-09-15 12:47:23] --  secondary index Start
[2021-09-15 12:47:23] --  Global Secondary INDEX REBUILD..
[2021-09-15 12:47:23] --  secondary index End


[2021-09-15 12:47:44] --  secondary index Start
[2021-09-15 12:47:44] --  Global Secondary INDEX REBUILD..
[2021-09-15 12:47:44] --  secondary index End


[2021-09-15 12:48:03] -- GT2_IDX Start
[2021-09-15 12:48:04] -- [ERROR] GT2_IDX is too BIG!! :: TEMP_TBS's FREE - INDEX GT2_IDX's Mbyte = ERR-22018(12006):. 
[2021-09-15 12:48:04] -- GT2_IDX End
[2021-09-15 12:48:04] -- GT1_IDX Start
[2021-09-15 12:48:04] -- [ERROR] GT1_IDX is too BIG!! :: TEMP_TBS's FREE - INDEX GT1_IDX's Mbyte = ERR-22018(12006):. 
[2021-09-15 12:48:04] -- GT1_IDX End
[2021-09-15 12:48:04] -- IDX_S_C1 Start
[2021-09-15 12:48:04] -- [ERROR] IDX_S_C1 is too BIG!! :: TEMP_TBS's FREE - INDEX IDX_S_C1's Mbyte = ERR-22018(12006):. 
[2021-09-15 12:48:04] -- IDX_S_C1 End
[2021-09-15 12:48:04] -- IDX_R_C1 Start
[2021-09-15 12:48:04] -- [ERROR] IDX_R_C1 is too BIG!! :: TEMP_TBS's FREE - INDEX IDX_R_C1's Mbyte = ERR-22018(12006):. 
[2021-09-15 12:48:04] -- IDX_R_C1 End
[2021-09-15 12:48:04] -- R Start
[2021-09-15 12:48:04] -- R Global Secondary INDEX REBUILD..
[2021-09-15 12:48:04] -- R End
[2021-09-15 12:48:04] -- S Start
[2021-09-15 12:48:04] -- S Global Secondary INDEX REBUILD..
[2021-09-15 12:48:04] -- S End
[2021-09-15 12:48:04] -- GT1 Start
[2021-09-15 12:48:04] -- GT1 Global Secondary INDEX REBUILD..
[2021-09-15 12:48:04] -- GT1 End
[2021-09-15 12:48:04] -- GT2 Start
[2021-09-15 12:48:04] -- GT2 Global Secondary INDEX REBUILD..
[2021-09-15 12:48:04] -- GT2 End

