
[2021/09/15 11:03:24 ] index rebuild start!
ALTER INDEX MONITOR.TELEGRAF_GLOBAL_SETTINGS_PRIMARY_KEY_INDEX REBUILD;

Index altered.

Elapsed time: 6.59500 ms 

ALTER INDEX MONITOR.TELEGRAF_METRIC_SETTINGS_PRIMARY_KEY_INDEX REBUILD;

Index altered.

Elapsed time: 4.97300 ms 

ALTER INDEX PUBLIC.GT1_IDX REBUILD;

Index altered.

Elapsed time: 4.60400 ms 

ALTER INDEX PUBLIC.GT2_IDX REBUILD;

Index altered.

Elapsed time: 6.41800 ms 

ALTER INDEX PUBLIC.IDX_R_C1 REBUILD;

Index altered.

Elapsed time: 4.45400 ms 

ALTER INDEX PUBLIC.IDX_S_C1 REBUILD;

Index altered.

Elapsed time: 4.56500 ms 

ALTER INDEX PUBLIC.DEDUCTION_PRIMARY_KEY_INDEX REBUILD;

Index altered.

Elapsed time: 5.71400 ms 

ALTER INDEX PUBLIC.IDX_T2 REBUILD;

Index altered.

Elapsed time: 4.29600 ms 

ALTER INDEX PUBLIC.IDX_ASC REBUILD;

Index altered.

Elapsed time: 4.14700 ms 

ALTER TABLE MONITOR.TELEGRAF_GLOBAL_SETTINGS REBUILD GLOBAL SECONDARY INDEX;

Table altered.

Elapsed time: 5.89100 ms 

ALTER TABLE MONITOR.TELEGRAF_METRIC_SETTINGS REBUILD GLOBAL SECONDARY INDEX;

Table altered.

Elapsed time: 4.49300 ms 

ALTER TABLE PUBLIC.GG1 REBUILD GLOBAL SECONDARY INDEX;

Table altered.

Elapsed time: 19.10400 ms 

ALTER TABLE PUBLIC.GT1 REBUILD GLOBAL SECONDARY INDEX;

Table altered.

Elapsed time: 4.30300 ms 

ALTER TABLE PUBLIC.GT2 REBUILD GLOBAL SECONDARY INDEX;

Table altered.

Elapsed time: 4.86000 ms 

ALTER TABLE PUBLIC.R REBUILD GLOBAL SECONDARY INDEX;

Table altered.

Elapsed time: 4.12800 ms 

ALTER TABLE PUBLIC.S REBUILD GLOBAL SECONDARY INDEX;

Table altered.

Elapsed time: 3.64600 ms 

ALTER TABLE PUBLIC.T1 REBUILD GLOBAL SECONDARY INDEX;

Table altered.

Elapsed time: 3.41200 ms 

ALTER TABLE PUBLIC.TEST1 REBUILD GLOBAL SECONDARY INDEX;

Table altered.

Elapsed time: 3.36900 ms 

ALTER TABLE PUBLIC.XXXX REBUILD GLOBAL SECONDARY INDEX;

Table altered.

Elapsed time: 3.46000 ms 

ALTER TABLE PUBLIC.DEDUCTION REBUILD GLOBAL SECONDARY INDEX;

Table altered.

Elapsed time: 6.83300 ms 

ALTER TABLE PUBLIC.T2 REBUILD GLOBAL SECONDARY INDEX;

Table altered.

Elapsed time: 3.97800 ms 

ALTER TABLE PUBLIC.TLONGVARCHAR REBUILD GLOBAL SECONDARY INDEX;

Table altered.

Elapsed time: 3.26100 ms 

ALTER TABLE USER1.T1 REBUILD GLOBAL SECONDARY INDEX;

Table altered.

Elapsed time: 3.28500 ms 

[2021/09/15 11:03:24 ~ 11:03:24 ] index rebuild all done!


[2021/09/15 11:03:33 ] index rebuild start!
ALTER INDEX MONITOR.TELEGRAF_GLOBAL_SETTINGS_PRIMARY_KEY_INDEX REBUILD;

Index altered.

Elapsed time: 7.49900 ms 

ALTER INDEX MONITOR.TELEGRAF_METRIC_SETTINGS_PRIMARY_KEY_INDEX REBUILD;

Index altered.

Elapsed time: 5.36900 ms 

ALTER INDEX PUBLIC.GT1_IDX REBUILD;

Index altered.

Elapsed time: 7.12300 ms 

ALTER INDEX PUBLIC.GT2_IDX REBUILD;

Index altered.

Elapsed time: 5.28600 ms 

ALTER INDEX PUBLIC.IDX_R_C1 REBUILD;

Index altered.

Elapsed time: 4.07700 ms 

ALTER INDEX PUBLIC.IDX_S_C1 REBUILD;

Index altered.

Elapsed time: 3.98100 ms 

ALTER INDEX PUBLIC.DEDUCTION_PRIMARY_KEY_INDEX REBUILD;

Index altered.

Elapsed time: 5.36300 ms 

ALTER INDEX PUBLIC.IDX_T2 REBUILD;

Index altered.

Elapsed time: 3.92200 ms 

ALTER INDEX PUBLIC.IDX_ASC REBUILD;

Index altered.

Elapsed time: 4.11400 ms 

ALTER TABLE MONITOR.TELEGRAF_GLOBAL_SETTINGS REBUILD GLOBAL SECONDARY INDEX;

Table altered.

Elapsed time: 5.83900 ms 

ALTER TABLE MONITOR.TELEGRAF_METRIC_SETTINGS REBUILD GLOBAL SECONDARY INDEX;

Table altered.

Elapsed time: 4.68100 ms 

ALTER TABLE PUBLIC.GG1 REBUILD GLOBAL SECONDARY INDEX;

Table altered.

Elapsed time: 22.80200 ms 

ALTER TABLE PUBLIC.GT1 REBUILD GLOBAL SECONDARY INDEX;

Table altered.

Elapsed time: 4.23400 ms 

ALTER TABLE PUBLIC.GT2 REBUILD GLOBAL SECONDARY INDEX;

Table altered.

Elapsed time: 4.07100 ms 

ALTER TABLE PUBLIC.R REBUILD GLOBAL SECONDARY INDEX;

Table altered.

Elapsed time: 4.39500 ms 

ALTER TABLE PUBLIC.S REBUILD GLOBAL SECONDARY INDEX;

Table altered.

Elapsed time: 3.88100 ms 

ALTER TABLE PUBLIC.T1 REBUILD GLOBAL SECONDARY INDEX;

Table altered.

Elapsed time: 3.83100 ms 

ALTER TABLE PUBLIC.TEST1 REBUILD GLOBAL SECONDARY INDEX;

Table altered.

Elapsed time: 3.36500 ms 

ALTER TABLE PUBLIC.XXXX REBUILD GLOBAL SECONDARY INDEX;

Table altered.

Elapsed time: 3.40500 ms 

ALTER TABLE PUBLIC.DEDUCTION REBUILD GLOBAL SECONDARY INDEX;

Table altered.

Elapsed time: 5.78900 ms 

ALTER TABLE PUBLIC.T2 REBUILD GLOBAL SECONDARY INDEX;

Table altered.

Elapsed time: 3.76300 ms 

ALTER TABLE PUBLIC.TLONGVARCHAR REBUILD GLOBAL SECONDARY INDEX;

Table altered.

Elapsed time: 3.50300 ms 

ALTER TABLE USER1.T1 REBUILD GLOBAL SECONDARY INDEX;

Table altered.

Elapsed time: 3.41600 ms 

[2021/09/15 11:03:33 ~ 11:03:33 ] index rebuild all done!


[2021/09/15 11:05:09 ] index rebuild start!
ALTER INDEX MONITOR.TELEGRAF_GLOBAL_SETTINGS_PRIMARY_KEY_INDEX REBUILD;

Index altered.

Elapsed time: 8.34500 ms 

ALTER INDEX MONITOR.TELEGRAF_METRIC_SETTINGS_PRIMARY_KEY_INDEX REBUILD;

Index altered.

Elapsed time: 5.51600 ms 

ALTER INDEX PUBLIC.GT1_IDX REBUILD;

Index altered.

Elapsed time: 5.54200 ms 

ALTER INDEX PUBLIC.GT2_IDX REBUILD;

Index altered.

Elapsed time: 5.26600 ms 

ALTER INDEX PUBLIC.IDX_R_C1 REBUILD;

Index altered.

Elapsed time: 4.83200 ms 

ALTER INDEX PUBLIC.IDX_S_C1 REBUILD;

Index altered.

Elapsed time: 4.93800 ms 

ALTER INDEX PUBLIC.DEDUCTION_PRIMARY_KEY_INDEX REBUILD;

Index altered.

Elapsed time: 7.83500 ms 

ALTER INDEX PUBLIC.IDX_T2 REBUILD;

Index altered.

Elapsed time: 4.16500 ms 

ALTER INDEX PUBLIC.IDX_ASC REBUILD;

Index altered.

Elapsed time: 3.73300 ms 

ALTER TABLE MONITOR.TELEGRAF_GLOBAL_SETTINGS REBUILD GLOBAL SECONDARY INDEX;

Table altered.

Elapsed time: 6.92400 ms 

ALTER TABLE MONITOR.TELEGRAF_METRIC_SETTINGS REBUILD GLOBAL SECONDARY INDEX;

Table altered.

Elapsed time: 5.16500 ms 

ALTER TABLE PUBLIC.GG1 REBUILD GLOBAL SECONDARY INDEX;

Table altered.

Elapsed time: 17.22200 ms 

ALTER TABLE PUBLIC.GT1 REBUILD GLOBAL SECONDARY INDEX;

Table altered.

Elapsed time: 4.72500 ms 

ALTER TABLE PUBLIC.GT2 REBUILD GLOBAL SECONDARY INDEX;

Table altered.

Elapsed time: 4.59700 ms 

ALTER TABLE PUBLIC.R REBUILD GLOBAL SECONDARY INDEX;

Table altered.

Elapsed time: 4.65900 ms 

ALTER TABLE PUBLIC.S REBUILD GLOBAL SECONDARY INDEX;

Table altered.

Elapsed time: 3.53200 ms 

ALTER TABLE PUBLIC.T1 REBUILD GLOBAL SECONDARY INDEX;

Table altered.

Elapsed time: 3.53600 ms 

ALTER TABLE PUBLIC.TEST1 REBUILD GLOBAL SECONDARY INDEX;

Table altered.

Elapsed time: 3.48000 ms 

ALTER TABLE PUBLIC.XXXX REBUILD GLOBAL SECONDARY INDEX;

Table altered.

Elapsed time: 3.14800 ms 

ALTER TABLE PUBLIC.DEDUCTION REBUILD GLOBAL SECONDARY INDEX;

Table altered.

Elapsed time: 5.91000 ms 

ALTER TABLE PUBLIC.T2 REBUILD GLOBAL SECONDARY INDEX;

Table altered.

Elapsed time: 3.69500 ms 

ALTER TABLE PUBLIC.TLONGVARCHAR REBUILD GLOBAL SECONDARY INDEX;

Table altered.

Elapsed time: 3.08100 ms 

ALTER TABLE USER1.T1 REBUILD GLOBAL SECONDARY INDEX;

Table altered.

Elapsed time: 3.15700 ms 

[2021/09/15 11:05:09 ~ 11:05:10 ] index rebuild all done!


[2021/09/15 11:06:09 ] index rebuild start!
ALTER INDEX MONITOR.TELEGRAF_GLOBAL_SETTINGS_PRIMARY_KEY_INDEX REBUILD;

Index altered.

Elapsed time: 7.38300 ms 

ALTER INDEX MONITOR.TELEGRAF_METRIC_SETTINGS_PRIMARY_KEY_INDEX REBUILD;

Index altered.

Elapsed time: 5.72400 ms 

ALTER INDEX PUBLIC.GT1_IDX REBUILD;

Index altered.

Elapsed time: 4.87000 ms 

ALTER INDEX PUBLIC.GT2_IDX REBUILD;

Index altered.

Elapsed time: 4.47300 ms 

ALTER INDEX PUBLIC.IDX_R_C1 REBUILD;

Index altered.

Elapsed time: 5.11600 ms 

ALTER INDEX PUBLIC.IDX_S_C1 REBUILD;

Index altered.

Elapsed time: 3.83400 ms 

ALTER INDEX PUBLIC.DEDUCTION_PRIMARY_KEY_INDEX REBUILD;

Index altered.

Elapsed time: 5.47700 ms 

ALTER INDEX PUBLIC.IDX_T2 REBUILD;

Index altered.

Elapsed time: 3.87200 ms 

ALTER INDEX PUBLIC.IDX_ASC REBUILD;

Index altered.

Elapsed time: 4.85500 ms 

ALTER TABLE MONITOR.TELEGRAF_GLOBAL_SETTINGS REBUILD GLOBAL SECONDARY INDEX;

Table altered.

Elapsed time: 5.72400 ms 

ALTER TABLE MONITOR.TELEGRAF_METRIC_SETTINGS REBUILD GLOBAL SECONDARY INDEX;

Table altered.

Elapsed time: 5.64400 ms 

ALTER TABLE PUBLIC.GG1 REBUILD GLOBAL SECONDARY INDEX;

Table altered.

Elapsed time: 15.97000 ms 

ALTER TABLE PUBLIC.GT1 REBUILD GLOBAL SECONDARY INDEX;

Table altered.

Elapsed time: 4.39500 ms 

ALTER TABLE PUBLIC.GT2 REBUILD GLOBAL SECONDARY INDEX;

Table altered.

Elapsed time: 4.92300 ms 

ALTER TABLE PUBLIC.R REBUILD GLOBAL SECONDARY INDEX;

Table altered.

Elapsed time: 4.45600 ms 

ALTER TABLE PUBLIC.S REBUILD GLOBAL SECONDARY INDEX;

Table altered.

Elapsed time: 4.04400 ms 

ALTER TABLE PUBLIC.T1 REBUILD GLOBAL SECONDARY INDEX;

Table altered.

Elapsed time: 4.09900 ms 

ALTER TABLE PUBLIC.TEST1 REBUILD GLOBAL SECONDARY INDEX;

Table altered.

Elapsed time: 3.70300 ms 

ALTER TABLE PUBLIC.XXXX REBUILD GLOBAL SECONDARY INDEX;

Table altered.

Elapsed time: 4.88500 ms 

ALTER TABLE PUBLIC.DEDUCTION REBUILD GLOBAL SECONDARY INDEX;

Table altered.

Elapsed time: 7.26100 ms 

ALTER TABLE PUBLIC.T2 REBUILD GLOBAL SECONDARY INDEX;

Table altered.

Elapsed time: 4.24500 ms 

ALTER TABLE PUBLIC.TLONGVARCHAR REBUILD GLOBAL SECONDARY INDEX;

Table altered.

Elapsed time: 3.61600 ms 

ALTER TABLE USER1.T1 REBUILD GLOBAL SECONDARY INDEX;

Table altered.

Elapsed time: 3.27200 ms 

[2021/09/15 11:06:09 ~ 11:06:10 ] index rebuild all done!


[2021/09/15 11:09:01 ] index rebuild start!
[2021/09/15 11:09:01 ~ 11:09:01 ] index rebuild all done!


[2021/09/15 11:09:41 ] index rebuild start!
ALTER INDEX MONITOR.TELEGRAF_GLOBAL_SETTINGS_PRIMARY_KEY_INDEX REBUILD;

Index altered.

Elapsed time: 6.54100 ms 

ALTER INDEX MONITOR.TELEGRAF_METRIC_SETTINGS_PRIMARY_KEY_INDEX REBUILD;

Index altered.

Elapsed time: 5.63500 ms 

ALTER INDEX PUBLIC.GT1_IDX REBUILD;

Index altered.

Elapsed time: 5.52100 ms 

ALTER INDEX PUBLIC.GT2_IDX REBUILD;

Index altered.

Elapsed time: 5.21300 ms 

ALTER INDEX PUBLIC.IDX_R_C1 REBUILD;

Index altered.

Elapsed time: 4.15000 ms 

ALTER INDEX PUBLIC.IDX_S_C1 REBUILD;

Index altered.

Elapsed time: 3.83700 ms 

ALTER INDEX PUBLIC.DEDUCTION_PRIMARY_KEY_INDEX REBUILD;

Index altered.

Elapsed time: 5.42300 ms 

ALTER INDEX PUBLIC.IDX_T2 REBUILD;

Index altered.

Elapsed time: 3.53500 ms 

ALTER INDEX PUBLIC.IDX_ASC REBUILD;

Index altered.

Elapsed time: 5.44600 ms 

ALTER TABLE MONITOR.TELEGRAF_GLOBAL_SETTINGS REBUILD GLOBAL SECONDARY INDEX;

Table altered.

Elapsed time: 5.86800 ms 

ALTER TABLE MONITOR.TELEGRAF_METRIC_SETTINGS REBUILD GLOBAL SECONDARY INDEX;

Table altered.

Elapsed time: 4.92000 ms 

ALTER TABLE PUBLIC.GG1 REBUILD GLOBAL SECONDARY INDEX;

Table altered.

Elapsed time: 17.31800 ms 

ALTER TABLE PUBLIC.GT1 REBUILD GLOBAL SECONDARY INDEX;

Table altered.

Elapsed time: 4.54700 ms 

ALTER TABLE PUBLIC.GT2 REBUILD GLOBAL SECONDARY INDEX;

Table altered.

Elapsed time: 4.58400 ms 

ALTER TABLE PUBLIC.R REBUILD GLOBAL SECONDARY INDEX;

Table altered.

Elapsed time: 3.87900 ms 

ALTER TABLE PUBLIC.S REBUILD GLOBAL SECONDARY INDEX;

Table altered.

Elapsed time: 3.87000 ms 

ALTER TABLE PUBLIC.T1 REBUILD GLOBAL SECONDARY INDEX;

Table altered.

Elapsed time: 5.05600 ms 

ALTER TABLE PUBLIC.TEST1 REBUILD GLOBAL SECONDARY INDEX;

Table altered.

Elapsed time: 3.84200 ms 

ALTER TABLE PUBLIC.XXXX REBUILD GLOBAL SECONDARY INDEX;

Table altered.

Elapsed time: 3.78100 ms 

ALTER TABLE PUBLIC.DEDUCTION REBUILD GLOBAL SECONDARY INDEX;

Table altered.

Elapsed time: 5.73300 ms 

ALTER TABLE PUBLIC.T2 REBUILD GLOBAL SECONDARY INDEX;

Table altered.

Elapsed time: 3.94000 ms 

ALTER TABLE PUBLIC.TLONGVARCHAR REBUILD GLOBAL SECONDARY INDEX;

Table altered.

Elapsed time: 3.70100 ms 

ALTER TABLE USER1.T1 REBUILD GLOBAL SECONDARY INDEX;

Table altered.

Elapsed time: 3.32400 ms 

[2021/09/15 11:09:41 ~ 11:09:41 ] index rebuild all done!


[2021/09/15 11:10:01 ] index rebuild start!
[2021/09/15 11:10:01 ~ 11:10:01 ] index rebuild all done!


[2021/09/15 11:10:47 ] index rebuild start!
ALTER INDEX MONITOR.TELEGRAF_GLOBAL_SETTINGS_PRIMARY_KEY_INDEX REBUILD;

Index altered.

Elapsed time: 8.42000 ms 

ALTER INDEX MONITOR.TELEGRAF_METRIC_SETTINGS_PRIMARY_KEY_INDEX REBUILD;

Index altered.

Elapsed time: 5.39500 ms 

ALTER INDEX PUBLIC.GT1_IDX REBUILD;

Index altered.

Elapsed time: 5.34700 ms 

ALTER INDEX PUBLIC.GT2_IDX REBUILD;

Index altered.

Elapsed time: 4.66000 ms 

ALTER INDEX PUBLIC.IDX_R_C1 REBUILD;

Index altered.

Elapsed time: 3.81500 ms 

ALTER INDEX PUBLIC.IDX_S_C1 REBUILD;

Index altered.

Elapsed time: 3.88600 ms 

ALTER INDEX PUBLIC.DEDUCTION_PRIMARY_KEY_INDEX REBUILD;

Index altered.

Elapsed time: 5.12200 ms 

ALTER INDEX PUBLIC.IDX_T2 REBUILD;

Index altered.

Elapsed time: 4.14300 ms 

ALTER INDEX PUBLIC.IDX_ASC REBUILD;

Index altered.

Elapsed time: 4.13200 ms 

ALTER TABLE MONITOR.TELEGRAF_GLOBAL_SETTINGS REBUILD GLOBAL SECONDARY INDEX;

Table altered.

Elapsed time: 5.74300 ms 

ALTER TABLE MONITOR.TELEGRAF_METRIC_SETTINGS REBUILD GLOBAL SECONDARY INDEX;

Table altered.

Elapsed time: 4.29500 ms 

ALTER TABLE PUBLIC.GG1 REBUILD GLOBAL SECONDARY INDEX;

Table altered.

Elapsed time: 15.14700 ms 

ALTER TABLE PUBLIC.GT1 REBUILD GLOBAL SECONDARY INDEX;

Table altered.

Elapsed time: 5.30300 ms 

ALTER TABLE PUBLIC.GT2 REBUILD GLOBAL SECONDARY INDEX;

Table altered.

Elapsed time: 4.04300 ms 

ALTER TABLE PUBLIC.R REBUILD GLOBAL SECONDARY INDEX;

Table altered.

Elapsed time: 3.92400 ms 

ALTER TABLE PUBLIC.S REBUILD GLOBAL SECONDARY INDEX;

Table altered.

Elapsed time: 3.39200 ms 

ALTER TABLE PUBLIC.T1 REBUILD GLOBAL SECONDARY INDEX;

Table altered.

Elapsed time: 3.49200 ms 

ALTER TABLE PUBLIC.TEST1 REBUILD GLOBAL SECONDARY INDEX;

Table altered.

Elapsed time: 3.75500 ms 

ALTER TABLE PUBLIC.XXXX REBUILD GLOBAL SECONDARY INDEX;

Table altered.

Elapsed time: 3.36300 ms 

ALTER TABLE PUBLIC.DEDUCTION REBUILD GLOBAL SECONDARY INDEX;

Table altered.

Elapsed time: 5.68600 ms 

ALTER TABLE PUBLIC.T2 REBUILD GLOBAL SECONDARY INDEX;

Table altered.

Elapsed time: 3.80200 ms 

ALTER TABLE PUBLIC.TLONGVARCHAR REBUILD GLOBAL SECONDARY INDEX;

Table altered.

Elapsed time: 5.02200 ms 

ALTER TABLE USER1.T1 REBUILD GLOBAL SECONDARY INDEX;

Table altered.

Elapsed time: 3.41700 ms 

[2021/09/15 11:10:47 ~ 11:10:47 ] index rebuild all done!


[2021/09/15 11:11:01 ] index rebuild start!
ALTER INDEX MONITOR.TELEGRAF_GLOBAL_SETTINGS_PRIMARY_KEY_INDEX REBUILD;

Index altered.

Elapsed time: 8.58900 ms 

ALTER INDEX MONITOR.TELEGRAF_METRIC_SETTINGS_PRIMARY_KEY_INDEX REBUILD;

Index altered.

Elapsed time: 5.61400 ms 

ALTER INDEX PUBLIC.GT1_IDX REBUILD;

Index altered.

Elapsed time: 5.24100 ms 

ALTER INDEX PUBLIC.GT2_IDX REBUILD;

Index altered.

Elapsed time: 4.68800 ms 

ALTER INDEX PUBLIC.IDX_R_C1 REBUILD;

Index altered.

Elapsed time: 4.67600 ms 

ALTER INDEX PUBLIC.IDX_S_C1 REBUILD;

Index altered.

Elapsed time: 4.44300 ms 

ALTER INDEX PUBLIC.DEDUCTION_PRIMARY_KEY_INDEX REBUILD;

Index altered.

Elapsed time: 5.58200 ms 

ALTER INDEX PUBLIC.IDX_T2 REBUILD;

Index altered.

Elapsed time: 4.25100 ms 

ALTER INDEX PUBLIC.IDX_ASC REBUILD;

Index altered.

Elapsed time: 4.11200 ms 

ALTER TABLE MONITOR.TELEGRAF_GLOBAL_SETTINGS REBUILD GLOBAL SECONDARY INDEX;

Table altered.

Elapsed time: 5.43000 ms 

ALTER TABLE MONITOR.TELEGRAF_METRIC_SETTINGS REBUILD GLOBAL SECONDARY INDEX;

Table altered.

Elapsed time: 4.30800 ms 

ALTER TABLE PUBLIC.GG1 REBUILD GLOBAL SECONDARY INDEX;

Table altered.

Elapsed time: 15.56600 ms 

ALTER TABLE PUBLIC.GT1 REBUILD GLOBAL SECONDARY INDEX;

Table altered.

Elapsed time: 4.18900 ms 

ALTER TABLE PUBLIC.GT2 REBUILD GLOBAL SECONDARY INDEX;

Table altered.

Elapsed time: 3.95500 ms 

ALTER TABLE PUBLIC.R REBUILD GLOBAL SECONDARY INDEX;

Table altered.

Elapsed time: 3.36600 ms 

ALTER TABLE PUBLIC.S REBUILD GLOBAL SECONDARY INDEX;

Table altered.

Elapsed time: 4.27500 ms 

ALTER TABLE PUBLIC.T1 REBUILD GLOBAL SECONDARY INDEX;

Table altered.

Elapsed time: 3.39600 ms 

ALTER TABLE PUBLIC.TEST1 REBUILD GLOBAL SECONDARY INDEX;

Table altered.

Elapsed time: 4.85400 ms 

ALTER TABLE PUBLIC.XXXX REBUILD GLOBAL SECONDARY INDEX;

Table altered.

Elapsed time: 3.60700 ms 

ALTER TABLE PUBLIC.DEDUCTION REBUILD GLOBAL SECONDARY INDEX;

Table altered.

Elapsed time: 5.69900 ms 

ALTER TABLE PUBLIC.T2 REBUILD GLOBAL SECONDARY INDEX;

Table altered.

Elapsed time: 3.43500 ms 

ALTER TABLE PUBLIC.TLONGVARCHAR REBUILD GLOBAL SECONDARY INDEX;

Table altered.

Elapsed time: 3.26700 ms 

ALTER TABLE USER1.T1 REBUILD GLOBAL SECONDARY INDEX;

Table altered.

Elapsed time: 3.22700 ms 

[2021/09/15 11:11:01 ~ 11:11:02 ] index rebuild all done!


[2021/09/15 11:12:01 ] index rebuild start!
ALTER INDEX MONITOR.TELEGRAF_GLOBAL_SETTINGS_PRIMARY_KEY_INDEX REBUILD;

Index altered.

Elapsed time: 10.10600 ms 

ALTER INDEX MONITOR.TELEGRAF_METRIC_SETTINGS_PRIMARY_KEY_INDEX REBUILD;

Index altered.

Elapsed time: 5.65300 ms 

ALTER INDEX PUBLIC.GT1_IDX REBUILD;

Index altered.

Elapsed time: 7.58100 ms 

ALTER INDEX PUBLIC.GT2_IDX REBUILD;

Index altered.

Elapsed time: 4.92100 ms 

ALTER INDEX PUBLIC.IDX_R_C1 REBUILD;

Index altered.

Elapsed time: 4.24000 ms 

ALTER INDEX PUBLIC.IDX_S_C1 REBUILD;

Index altered.

Elapsed time: 4.40700 ms 

ALTER INDEX PUBLIC.DEDUCTION_PRIMARY_KEY_INDEX REBUILD;

Index altered.

Elapsed time: 5.50900 ms 

ALTER INDEX PUBLIC.IDX_T2 REBUILD;

Index altered.

Elapsed time: 4.22200 ms 

ALTER INDEX PUBLIC.IDX_ASC REBUILD;

Index altered.

Elapsed time: 3.78800 ms 

ALTER TABLE MONITOR.TELEGRAF_GLOBAL_SETTINGS REBUILD GLOBAL SECONDARY INDEX;

Table altered.

Elapsed time: 5.99600 ms 

ALTER TABLE MONITOR.TELEGRAF_METRIC_SETTINGS REBUILD GLOBAL SECONDARY INDEX;

Table altered.

Elapsed time: 4.08400 ms 

ALTER TABLE PUBLIC.GG1 REBUILD GLOBAL SECONDARY INDEX;

Table altered.

Elapsed time: 15.14500 ms 

ALTER TABLE PUBLIC.GT1 REBUILD GLOBAL SECONDARY INDEX;

Table altered.

Elapsed time: 4.19300 ms 

ALTER TABLE PUBLIC.GT2 REBUILD GLOBAL SECONDARY INDEX;

Table altered.

Elapsed time: 3.75800 ms 

ALTER TABLE PUBLIC.R REBUILD GLOBAL SECONDARY INDEX;

Table altered.

Elapsed time: 3.43900 ms 

ALTER TABLE PUBLIC.S REBUILD GLOBAL SECONDARY INDEX;

Table altered.

Elapsed time: 3.62300 ms 

ALTER TABLE PUBLIC.T1 REBUILD GLOBAL SECONDARY INDEX;

Table altered.

Elapsed time: 3.44200 ms 

ALTER TABLE PUBLIC.TEST1 REBUILD GLOBAL SECONDARY INDEX;

Table altered.

Elapsed time: 3.30800 ms 

ALTER TABLE PUBLIC.XXXX REBUILD GLOBAL SECONDARY INDEX;

Table altered.

Elapsed time: 4.13100 ms 

ALTER TABLE PUBLIC.DEDUCTION REBUILD GLOBAL SECONDARY INDEX;

Table altered.

Elapsed time: 6.65600 ms 

ALTER TABLE PUBLIC.T2 REBUILD GLOBAL SECONDARY INDEX;

Table altered.

Elapsed time: 4.23600 ms 

ALTER TABLE PUBLIC.TLONGVARCHAR REBUILD GLOBAL SECONDARY INDEX;

Table altered.

Elapsed time: 5.77900 ms 

ALTER TABLE USER1.T1 REBUILD GLOBAL SECONDARY INDEX;

Table altered.

Elapsed time: 3.19500 ms 

[2021/09/15 11:12:01 ~ 11:12:02 ] index rebuild all done!


[2021/09/15 11:13:01 ] index rebuild start!
ALTER INDEX MONITOR.TELEGRAF_GLOBAL_SETTINGS_PRIMARY_KEY_INDEX REBUILD;

Index altered.

Elapsed time: 8.94000 ms 

ALTER INDEX MONITOR.TELEGRAF_METRIC_SETTINGS_PRIMARY_KEY_INDEX REBUILD;

Index altered.

Elapsed time: 6.31700 ms 

ALTER INDEX PUBLIC.GT1_IDX REBUILD;

Index altered.

Elapsed time: 5.91300 ms 

ALTER INDEX PUBLIC.GT2_IDX REBUILD;

Index altered.

Elapsed time: 5.30400 ms 

ALTER INDEX PUBLIC.IDX_R_C1 REBUILD;

Index altered.

Elapsed time: 5.08000 ms 

ALTER INDEX PUBLIC.IDX_S_C1 REBUILD;

Index altered.

Elapsed time: 3.67600 ms 

ALTER INDEX PUBLIC.DEDUCTION_PRIMARY_KEY_INDEX REBUILD;

Index altered.

Elapsed time: 7.06400 ms 

ALTER INDEX PUBLIC.IDX_T2 REBUILD;

Index altered.

Elapsed time: 4.22000 ms 

ALTER INDEX PUBLIC.IDX_ASC REBUILD;

Index altered.

Elapsed time: 3.85400 ms 

ALTER TABLE MONITOR.TELEGRAF_GLOBAL_SETTINGS REBUILD GLOBAL SECONDARY INDEX;

Table altered.

Elapsed time: 5.56800 ms 

ALTER TABLE MONITOR.TELEGRAF_METRIC_SETTINGS REBUILD GLOBAL SECONDARY INDEX;

Table altered.

Elapsed time: 4.65800 ms 

ALTER TABLE PUBLIC.GG1 REBUILD GLOBAL SECONDARY INDEX;

Table altered.

Elapsed time: 17.60800 ms 

ALTER TABLE PUBLIC.GT1 REBUILD GLOBAL SECONDARY INDEX;

Table altered.

Elapsed time: 4.22600 ms 

ALTER TABLE PUBLIC.GT2 REBUILD GLOBAL SECONDARY INDEX;

Table altered.

Elapsed time: 4.30000 ms 

ALTER TABLE PUBLIC.R REBUILD GLOBAL SECONDARY INDEX;

Table altered.

Elapsed time: 4.43800 ms 

ALTER TABLE PUBLIC.S REBUILD GLOBAL SECONDARY INDEX;

Table altered.

Elapsed time: 3.68100 ms 

ALTER TABLE PUBLIC.T1 REBUILD GLOBAL SECONDARY INDEX;

Table altered.

Elapsed time: 3.56300 ms 

ALTER TABLE PUBLIC.TEST1 REBUILD GLOBAL SECONDARY INDEX;

Table altered.

Elapsed time: 4.43900 ms 

ALTER TABLE PUBLIC.XXXX REBUILD GLOBAL SECONDARY INDEX;

Table altered.

Elapsed time: 3.59300 ms 

ALTER TABLE PUBLIC.DEDUCTION REBUILD GLOBAL SECONDARY INDEX;

Table altered.

Elapsed time: 5.88200 ms 

ALTER TABLE PUBLIC.T2 REBUILD GLOBAL SECONDARY INDEX;

Table altered.

Elapsed time: 3.69600 ms 

ALTER TABLE PUBLIC.TLONGVARCHAR REBUILD GLOBAL SECONDARY INDEX;

Table altered.

Elapsed time: 3.60100 ms 

ALTER TABLE USER1.T1 REBUILD GLOBAL SECONDARY INDEX;

Table altered.

Elapsed time: 3.15700 ms 

[2021/09/15 11:13:01 ~ 11:13:01 ] index rebuild all done!


[2021/09/15 11:14:01 ] index rebuild start!
ALTER INDEX MONITOR.TELEGRAF_GLOBAL_SETTINGS_PRIMARY_KEY_INDEX REBUILD;

Index altered.

Elapsed time: 6.41000 ms 

ALTER INDEX MONITOR.TELEGRAF_METRIC_SETTINGS_PRIMARY_KEY_INDEX REBUILD;

Index altered.

Elapsed time: 5.30400 ms 

ALTER INDEX PUBLIC.GT1_IDX REBUILD;

Index altered.

Elapsed time: 6.46900 ms 

ALTER INDEX PUBLIC.GT2_IDX REBUILD;

Index altered.

Elapsed time: 4.54200 ms 

ALTER INDEX PUBLIC.IDX_R_C1 REBUILD;

Index altered.

Elapsed time: 3.83100 ms 

ALTER INDEX PUBLIC.IDX_S_C1 REBUILD;

Index altered.

Elapsed time: 4.11400 ms 

ALTER INDEX PUBLIC.DEDUCTION_PRIMARY_KEY_INDEX REBUILD;

Index altered.

Elapsed time: 6.21000 ms 

ALTER INDEX PUBLIC.IDX_T2 REBUILD;

Index altered.

Elapsed time: 3.78600 ms 

ALTER INDEX PUBLIC.IDX_ASC REBUILD;

Index altered.

Elapsed time: 4.24600 ms 

ALTER TABLE MONITOR.TELEGRAF_GLOBAL_SETTINGS REBUILD GLOBAL SECONDARY INDEX;

Table altered.

Elapsed time: 6.99300 ms 

ALTER TABLE MONITOR.TELEGRAF_METRIC_SETTINGS REBUILD GLOBAL SECONDARY INDEX;

Table altered.

Elapsed time: 4.90800 ms 

ALTER TABLE PUBLIC.GG1 REBUILD GLOBAL SECONDARY INDEX;

Table altered.

Elapsed time: 15.39900 ms 

ALTER TABLE PUBLIC.GT1 REBUILD GLOBAL SECONDARY INDEX;

Table altered.

Elapsed time: 4.00300 ms 

ALTER TABLE PUBLIC.GT2 REBUILD GLOBAL SECONDARY INDEX;

Table altered.

Elapsed time: 4.12500 ms 

ALTER TABLE PUBLIC.R REBUILD GLOBAL SECONDARY INDEX;

Table altered.

Elapsed time: 3.72900 ms 

ALTER TABLE PUBLIC.S REBUILD GLOBAL SECONDARY INDEX;

Table altered.

Elapsed time: 3.99000 ms 

ALTER TABLE PUBLIC.T1 REBUILD GLOBAL SECONDARY INDEX;

Table altered.

Elapsed time: 3.53100 ms 

ALTER TABLE PUBLIC.TEST1 REBUILD GLOBAL SECONDARY INDEX;

Table altered.

Elapsed time: 3.39300 ms 

ALTER TABLE PUBLIC.XXXX REBUILD GLOBAL SECONDARY INDEX;

Table altered.

Elapsed time: 3.39100 ms 

ALTER TABLE PUBLIC.DEDUCTION REBUILD GLOBAL SECONDARY INDEX;

Table altered.

Elapsed time: 5.83300 ms 

ALTER TABLE PUBLIC.T2 REBUILD GLOBAL SECONDARY INDEX;

Table altered.

Elapsed time: 4.03100 ms 

ALTER TABLE PUBLIC.TLONGVARCHAR REBUILD GLOBAL SECONDARY INDEX;

Table altered.

Elapsed time: 3.09900 ms 

ALTER TABLE USER1.T1 REBUILD GLOBAL SECONDARY INDEX;

Table altered.

Elapsed time: 3.11800 ms 

[2021/09/15 11:14:01 ~ 11:14:02 ] index rebuild all done!


[2021/09/15 11:15:01 ] index rebuild start!
ALTER INDEX MONITOR.TELEGRAF_GLOBAL_SETTINGS_PRIMARY_KEY_INDEX REBUILD;

Index altered.

Elapsed time: 6.94200 ms 

ALTER INDEX MONITOR.TELEGRAF_METRIC_SETTINGS_PRIMARY_KEY_INDEX REBUILD;

Index altered.

Elapsed time: 5.43800 ms 

ALTER INDEX PUBLIC.GT1_IDX REBUILD;

Index altered.

Elapsed time: 5.35200 ms 

ALTER INDEX PUBLIC.GT2_IDX REBUILD;

Index altered.

Elapsed time: 4.97600 ms 

ALTER INDEX PUBLIC.IDX_R_C1 REBUILD;

Index altered.

Elapsed time: 3.91100 ms 

ALTER INDEX PUBLIC.IDX_S_C1 REBUILD;

Index altered.

Elapsed time: 3.99200 ms 

ALTER INDEX PUBLIC.DEDUCTION_PRIMARY_KEY_INDEX REBUILD;

Index altered.

Elapsed time: 6.50700 ms 

ALTER INDEX PUBLIC.IDX_T2 REBUILD;

Index altered.

Elapsed time: 3.97500 ms 

ALTER INDEX PUBLIC.IDX_ASC REBUILD;

Index altered.

Elapsed time: 3.89100 ms 

ALTER TABLE MONITOR.TELEGRAF_GLOBAL_SETTINGS REBUILD GLOBAL SECONDARY INDEX;

Table altered.

Elapsed time: 6.03600 ms 

ALTER TABLE MONITOR.TELEGRAF_METRIC_SETTINGS REBUILD GLOBAL SECONDARY INDEX;

Table altered.

Elapsed time: 4.87000 ms 

ALTER TABLE PUBLIC.GG1 REBUILD GLOBAL SECONDARY INDEX;

Table altered.

Elapsed time: 18.01000 ms 

ALTER TABLE PUBLIC.GT1 REBUILD GLOBAL SECONDARY INDEX;

Table altered.

Elapsed time: 4.41800 ms 

ALTER TABLE PUBLIC.GT2 REBUILD GLOBAL SECONDARY INDEX;

Table altered.

Elapsed time: 4.58600 ms 

ALTER TABLE PUBLIC.R REBUILD GLOBAL SECONDARY INDEX;

Table altered.

Elapsed time: 4.10100 ms 

ALTER TABLE PUBLIC.S REBUILD GLOBAL SECONDARY INDEX;

Table altered.

Elapsed time: 3.89600 ms 

ALTER TABLE PUBLIC.T1 REBUILD GLOBAL SECONDARY INDEX;

Table altered.

Elapsed time: 4.61800 ms 

ALTER TABLE PUBLIC.TEST1 REBUILD GLOBAL SECONDARY INDEX;

Table altered.

Elapsed time: 3.64900 ms 

ALTER TABLE PUBLIC.XXXX REBUILD GLOBAL SECONDARY INDEX;

Table altered.

Elapsed time: 3.40100 ms 

ALTER TABLE PUBLIC.DEDUCTION REBUILD GLOBAL SECONDARY INDEX;

Table altered.

Elapsed time: 5.43700 ms 

ALTER TABLE PUBLIC.T2 REBUILD GLOBAL SECONDARY INDEX;

Table altered.

Elapsed time: 3.78600 ms 

ALTER TABLE PUBLIC.TLONGVARCHAR REBUILD GLOBAL SECONDARY INDEX;

Table altered.

Elapsed time: 3.34200 ms 

ALTER TABLE USER1.T1 REBUILD GLOBAL SECONDARY INDEX;

Table altered.

Elapsed time: 3.83700 ms 

[2021/09/15 11:15:01 ~ 11:15:02 ] index rebuild all done!


[2021/09/15 11:16:01 ] index rebuild start!
ALTER INDEX MONITOR.TELEGRAF_GLOBAL_SETTINGS_PRIMARY_KEY_INDEX REBUILD;

Index altered.

Elapsed time: 7.41000 ms 

ALTER INDEX MONITOR.TELEGRAF_METRIC_SETTINGS_PRIMARY_KEY_INDEX REBUILD;

Index altered.

Elapsed time: 6.03100 ms 

ALTER INDEX PUBLIC.GT1_IDX REBUILD;

Index altered.

Elapsed time: 5.58700 ms 

ALTER INDEX PUBLIC.GT2_IDX REBUILD;

Index altered.

Elapsed time: 5.44100 ms 

ALTER INDEX PUBLIC.IDX_R_C1 REBUILD;

Index altered.

Elapsed time: 5.38400 ms 

ALTER INDEX PUBLIC.IDX_S_C1 REBUILD;

Index altered.

Elapsed time: 4.21000 ms 

ALTER INDEX PUBLIC.DEDUCTION_PRIMARY_KEY_INDEX REBUILD;

Index altered.

Elapsed time: 5.82100 ms 

ALTER INDEX PUBLIC.IDX_T2 REBUILD;

Index altered.

Elapsed time: 4.59100 ms 

ALTER INDEX PUBLIC.IDX_ASC REBUILD;

Index altered.

Elapsed time: 4.44800 ms 

ALTER TABLE MONITOR.TELEGRAF_GLOBAL_SETTINGS REBUILD GLOBAL SECONDARY INDEX;

Table altered.

Elapsed time: 7.48500 ms 

ALTER TABLE MONITOR.TELEGRAF_METRIC_SETTINGS REBUILD GLOBAL SECONDARY INDEX;

Table altered.

Elapsed time: 6.56500 ms 

ALTER TABLE PUBLIC.GG1 REBUILD GLOBAL SECONDARY INDEX;

Table altered.

Elapsed time: 18.00300 ms 

ALTER TABLE PUBLIC.GT1 REBUILD GLOBAL SECONDARY INDEX;

Table altered.

Elapsed time: 4.50300 ms 

ALTER TABLE PUBLIC.GT2 REBUILD GLOBAL SECONDARY INDEX;

Table altered.

Elapsed time: 4.31300 ms 

ALTER TABLE PUBLIC.R REBUILD GLOBAL SECONDARY INDEX;

Table altered.

Elapsed time: 3.72100 ms 

ALTER TABLE PUBLIC.S REBUILD GLOBAL SECONDARY INDEX;

Table altered.

Elapsed time: 3.80100 ms 

ALTER TABLE PUBLIC.T1 REBUILD GLOBAL SECONDARY INDEX;

Table altered.

Elapsed time: 3.79000 ms 

ALTER TABLE PUBLIC.TEST1 REBUILD GLOBAL SECONDARY INDEX;

Table altered.

Elapsed time: 3.90900 ms 

ALTER TABLE PUBLIC.XXXX REBUILD GLOBAL SECONDARY INDEX;

Table altered.

Elapsed time: 4.04200 ms 

ALTER TABLE PUBLIC.DEDUCTION REBUILD GLOBAL SECONDARY INDEX;

Table altered.

Elapsed time: 5.62900 ms 

ALTER TABLE PUBLIC.T2 REBUILD GLOBAL SECONDARY INDEX;

Table altered.

Elapsed time: 5.19700 ms 

ALTER TABLE PUBLIC.TLONGVARCHAR REBUILD GLOBAL SECONDARY INDEX;

Table altered.

Elapsed time: 3.51100 ms 

ALTER TABLE USER1.T1 REBUILD GLOBAL SECONDARY INDEX;

Table altered.

Elapsed time: 3.51500 ms 

[2021/09/15 11:16:01 ~ 11:16:02 ] index rebuild all done!


[2021/09/15 11:17:01 ] index rebuild start!
ALTER INDEX MONITOR.TELEGRAF_GLOBAL_SETTINGS_PRIMARY_KEY_INDEX REBUILD;

Index altered.

Elapsed time: 7.02800 ms 

ALTER INDEX MONITOR.TELEGRAF_METRIC_SETTINGS_PRIMARY_KEY_INDEX REBUILD;

Index altered.

Elapsed time: 5.88300 ms 

ALTER INDEX PUBLIC.GT1_IDX REBUILD;

Index altered.

Elapsed time: 5.39700 ms 

ALTER INDEX PUBLIC.GT2_IDX REBUILD;

Index altered.

Elapsed time: 5.30400 ms 

ALTER INDEX PUBLIC.IDX_R_C1 REBUILD;

Index altered.

Elapsed time: 4.30400 ms 

ALTER INDEX PUBLIC.IDX_S_C1 REBUILD;

Index altered.

Elapsed time: 3.90200 ms 

ALTER INDEX PUBLIC.DEDUCTION_PRIMARY_KEY_INDEX REBUILD;

Index altered.

Elapsed time: 5.32800 ms 

ALTER INDEX PUBLIC.IDX_T2 REBUILD;

Index altered.

Elapsed time: 3.90800 ms 

ALTER INDEX PUBLIC.IDX_ASC REBUILD;

Index altered.

Elapsed time: 5.20500 ms 

ALTER TABLE MONITOR.TELEGRAF_GLOBAL_SETTINGS REBUILD GLOBAL SECONDARY INDEX;

Table altered.

Elapsed time: 5.04100 ms 

ALTER TABLE MONITOR.TELEGRAF_METRIC_SETTINGS REBUILD GLOBAL SECONDARY INDEX;

Table altered.

Elapsed time: 4.15900 ms 

ALTER TABLE PUBLIC.GG1 REBUILD GLOBAL SECONDARY INDEX;

Table altered.

Elapsed time: 14.76900 ms 

ALTER TABLE PUBLIC.GT1 REBUILD GLOBAL SECONDARY INDEX;

Table altered.

Elapsed time: 4.12800 ms 

ALTER TABLE PUBLIC.GT2 REBUILD GLOBAL SECONDARY INDEX;

Table altered.

Elapsed time: 4.15700 ms 

ALTER TABLE PUBLIC.R REBUILD GLOBAL SECONDARY INDEX;

Table altered.

Elapsed time: 5.24400 ms 

ALTER TABLE PUBLIC.S REBUILD GLOBAL SECONDARY INDEX;

Table altered.

Elapsed time: 3.44300 ms 

ALTER TABLE PUBLIC.T1 REBUILD GLOBAL SECONDARY INDEX;

Table altered.

Elapsed time: 3.55100 ms 

ALTER TABLE PUBLIC.TEST1 REBUILD GLOBAL SECONDARY INDEX;

Table altered.

Elapsed time: 3.43600 ms 

ALTER TABLE PUBLIC.XXXX REBUILD GLOBAL SECONDARY INDEX;

Table altered.

Elapsed time: 3.07800 ms 

ALTER TABLE PUBLIC.DEDUCTION REBUILD GLOBAL SECONDARY INDEX;

Table altered.

Elapsed time: 5.84300 ms 

ALTER TABLE PUBLIC.T2 REBUILD GLOBAL SECONDARY INDEX;

Table altered.

Elapsed time: 3.58200 ms 

ALTER TABLE PUBLIC.TLONGVARCHAR REBUILD GLOBAL SECONDARY INDEX;

Table altered.

Elapsed time: 3.48900 ms 

ALTER TABLE USER1.T1 REBUILD GLOBAL SECONDARY INDEX;

Table altered.

Elapsed time: 3.41300 ms 

[2021/09/15 11:17:01 ~ 11:17:01 ] index rebuild all done!


[2021/09/15 11:18:02 ] index rebuild start!
ALTER INDEX MONITOR.TELEGRAF_GLOBAL_SETTINGS_PRIMARY_KEY_INDEX REBUILD;

Index altered.

Elapsed time: 6.64700 ms 

ALTER INDEX MONITOR.TELEGRAF_METRIC_SETTINGS_PRIMARY_KEY_INDEX REBUILD;

Index altered.

Elapsed time: 5.49600 ms 

ALTER INDEX PUBLIC.GT1_IDX REBUILD;

Index altered.

Elapsed time: 5.97000 ms 

ALTER INDEX PUBLIC.GT2_IDX REBUILD;

Index altered.

Elapsed time: 5.03100 ms 

ALTER INDEX PUBLIC.IDX_R_C1 REBUILD;

Index altered.

Elapsed time: 4.49700 ms 

ALTER INDEX PUBLIC.IDX_S_C1 REBUILD;

Index altered.

Elapsed time: 4.49300 ms 

ALTER INDEX PUBLIC.DEDUCTION_PRIMARY_KEY_INDEX REBUILD;

Index altered.

Elapsed time: 5.40500 ms 

ALTER INDEX PUBLIC.IDX_T2 REBUILD;

Index altered.

Elapsed time: 4.36500 ms 

ALTER INDEX PUBLIC.IDX_ASC REBUILD;

Index altered.

Elapsed time: 4.10400 ms 

ALTER TABLE MONITOR.TELEGRAF_GLOBAL_SETTINGS REBUILD GLOBAL SECONDARY INDEX;

Table altered.

Elapsed time: 4.26600 ms 

ALTER TABLE MONITOR.TELEGRAF_METRIC_SETTINGS REBUILD GLOBAL SECONDARY INDEX;

Table altered.

Elapsed time: 4.40300 ms 

ALTER TABLE PUBLIC.GG1 REBUILD GLOBAL SECONDARY INDEX;

Table altered.

Elapsed time: 15.93700 ms 

ALTER TABLE PUBLIC.GT1 REBUILD GLOBAL SECONDARY INDEX;

Table altered.

Elapsed time: 4.39300 ms 

ALTER TABLE PUBLIC.GT2 REBUILD GLOBAL SECONDARY INDEX;

Table altered.

Elapsed time: 5.54500 ms 

ALTER TABLE PUBLIC.R REBUILD GLOBAL SECONDARY INDEX;

Table altered.

Elapsed time: 5.29700 ms 

ALTER TABLE PUBLIC.S REBUILD GLOBAL SECONDARY INDEX;

Table altered.

Elapsed time: 4.00400 ms 

ALTER TABLE PUBLIC.T1 REBUILD GLOBAL SECONDARY INDEX;

Table altered.

Elapsed time: 3.56500 ms 

ALTER TABLE PUBLIC.TEST1 REBUILD GLOBAL SECONDARY INDEX;

Table altered.

Elapsed time: 3.85800 ms 

ALTER TABLE PUBLIC.XXXX REBUILD GLOBAL SECONDARY INDEX;

Table altered.

Elapsed time: 3.73000 ms 

ALTER TABLE PUBLIC.DEDUCTION REBUILD GLOBAL SECONDARY INDEX;

Table altered.

Elapsed time: 5.97300 ms 

ALTER TABLE PUBLIC.T2 REBUILD GLOBAL SECONDARY INDEX;

Table altered.

Elapsed time: 4.47500 ms 

ALTER TABLE PUBLIC.TLONGVARCHAR REBUILD GLOBAL SECONDARY INDEX;

Table altered.

Elapsed time: 4.34600 ms 

ALTER TABLE USER1.T1 REBUILD GLOBAL SECONDARY INDEX;

Table altered.

Elapsed time: 4.23900 ms 

[2021/09/15 11:18:02 ~ 11:18:02 ] index rebuild all done!


[2021/09/15 11:19:01 ] index rebuild start!
ALTER INDEX MONITOR.TELEGRAF_GLOBAL_SETTINGS_PRIMARY_KEY_INDEX REBUILD;

Index altered.

Elapsed time: 7.24400 ms 

ALTER INDEX MONITOR.TELEGRAF_METRIC_SETTINGS_PRIMARY_KEY_INDEX REBUILD;

Index altered.

Elapsed time: 4.69700 ms 

ALTER INDEX PUBLIC.GT1_IDX REBUILD;

Index altered.

Elapsed time: 5.01000 ms 

ALTER INDEX PUBLIC.GT2_IDX REBUILD;

Index altered.

Elapsed time: 4.91200 ms 

ALTER INDEX PUBLIC.IDX_R_C1 REBUILD;

Index altered.

Elapsed time: 4.52000 ms 

ALTER INDEX PUBLIC.IDX_S_C1 REBUILD;

Index altered.

Elapsed time: 4.32000 ms 

ALTER INDEX PUBLIC.DEDUCTION_PRIMARY_KEY_INDEX REBUILD;

Index altered.

Elapsed time: 7.48000 ms 

ALTER INDEX PUBLIC.IDX_T2 REBUILD;

Index altered.

Elapsed time: 4.14700 ms 

ALTER INDEX PUBLIC.IDX_ASC REBUILD;

Index altered.

Elapsed time: 3.95800 ms 

ALTER TABLE MONITOR.TELEGRAF_GLOBAL_SETTINGS REBUILD GLOBAL SECONDARY INDEX;

Table altered.

Elapsed time: 5.44000 ms 

ALTER TABLE MONITOR.TELEGRAF_METRIC_SETTINGS REBUILD GLOBAL SECONDARY INDEX;

Table altered.

Elapsed time: 5.53000 ms 

ALTER TABLE PUBLIC.GG1 REBUILD GLOBAL SECONDARY INDEX;

Table altered.

Elapsed time: 16.56300 ms 

ALTER TABLE PUBLIC.GT1 REBUILD GLOBAL SECONDARY INDEX;

Table altered.

Elapsed time: 4.33200 ms 

ALTER TABLE PUBLIC.GT2 REBUILD GLOBAL SECONDARY INDEX;

Table altered.

Elapsed time: 4.27600 ms 

ALTER TABLE PUBLIC.R REBUILD GLOBAL SECONDARY INDEX;

Table altered.

Elapsed time: 3.93000 ms 

ALTER TABLE PUBLIC.S REBUILD GLOBAL SECONDARY INDEX;

Table altered.

Elapsed time: 3.78000 ms 

ALTER TABLE PUBLIC.T1 REBUILD GLOBAL SECONDARY INDEX;

Table altered.

Elapsed time: 3.97000 ms 

ALTER TABLE PUBLIC.TEST1 REBUILD GLOBAL SECONDARY INDEX;

Table altered.

Elapsed time: 5.09600 ms 

ALTER TABLE PUBLIC.XXXX REBUILD GLOBAL SECONDARY INDEX;

Table altered.

Elapsed time: 3.43200 ms 

ALTER TABLE PUBLIC.DEDUCTION REBUILD GLOBAL SECONDARY INDEX;

Table altered.

Elapsed time: 5.92400 ms 

ALTER TABLE PUBLIC.T2 REBUILD GLOBAL SECONDARY INDEX;

Table altered.

Elapsed time: 3.79400 ms 

ALTER TABLE PUBLIC.TLONGVARCHAR REBUILD GLOBAL SECONDARY INDEX;

Table altered.

Elapsed time: 2.92200 ms 

ALTER TABLE USER1.T1 REBUILD GLOBAL SECONDARY INDEX;

Table altered.

Elapsed time: 3.04300 ms 

[2021/09/15 11:19:01 ~ 11:19:02 ] index rebuild all done!


[2021/09/15 11:20:01 ] index rebuild start!
ALTER INDEX MONITOR.TELEGRAF_GLOBAL_SETTINGS_PRIMARY_KEY_INDEX REBUILD;

Index altered.

Elapsed time: 6.72900 ms 

ALTER INDEX MONITOR.TELEGRAF_METRIC_SETTINGS_PRIMARY_KEY_INDEX REBUILD;

Index altered.

Elapsed time: 5.91800 ms 

ALTER INDEX PUBLIC.GT1_IDX REBUILD;

Index altered.

Elapsed time: 6.72000 ms 

ALTER INDEX PUBLIC.GT2_IDX REBUILD;

Index altered.

Elapsed time: 5.42000 ms 

ALTER INDEX PUBLIC.IDX_R_C1 REBUILD;

Index altered.

Elapsed time: 5.52700 ms 

ALTER INDEX PUBLIC.IDX_S_C1 REBUILD;

Index altered.

Elapsed time: 4.51500 ms 

ALTER INDEX PUBLIC.DEDUCTION_PRIMARY_KEY_INDEX REBUILD;

Index altered.

Elapsed time: 6.01500 ms 

ALTER INDEX PUBLIC.IDX_T2 REBUILD;

Index altered.

Elapsed time: 5.75800 ms 

ALTER INDEX PUBLIC.IDX_ASC REBUILD;

Index altered.

Elapsed time: 3.85600 ms 

ALTER TABLE MONITOR.TELEGRAF_GLOBAL_SETTINGS REBUILD GLOBAL SECONDARY INDEX;

Table altered.

Elapsed time: 6.99800 ms 

ALTER TABLE MONITOR.TELEGRAF_METRIC_SETTINGS REBUILD GLOBAL SECONDARY INDEX;

Table altered.

Elapsed time: 4.69800 ms 

ALTER TABLE PUBLIC.GG1 REBUILD GLOBAL SECONDARY INDEX;

Table altered.

Elapsed time: 18.47600 ms 

ALTER TABLE PUBLIC.GT1 REBUILD GLOBAL SECONDARY INDEX;

Table altered.

Elapsed time: 3.90500 ms 

ALTER TABLE PUBLIC.GT2 REBUILD GLOBAL SECONDARY INDEX;

Table altered.

Elapsed time: 4.10200 ms 

ALTER TABLE PUBLIC.R REBUILD GLOBAL SECONDARY INDEX;

Table altered.

Elapsed time: 3.50900 ms 

ALTER TABLE PUBLIC.S REBUILD GLOBAL SECONDARY INDEX;

Table altered.

Elapsed time: 3.75800 ms 

ALTER TABLE PUBLIC.T1 REBUILD GLOBAL SECONDARY INDEX;

Table altered.

Elapsed time: 3.50300 ms 

ALTER TABLE PUBLIC.TEST1 REBUILD GLOBAL SECONDARY INDEX;

Table altered.

Elapsed time: 3.32300 ms 

ALTER TABLE PUBLIC.XXXX REBUILD GLOBAL SECONDARY INDEX;

Table altered.

Elapsed time: 3.08500 ms 

ALTER TABLE PUBLIC.DEDUCTION REBUILD GLOBAL SECONDARY INDEX;

Table altered.

Elapsed time: 5.58200 ms 

ALTER TABLE PUBLIC.T2 REBUILD GLOBAL SECONDARY INDEX;

Table altered.

Elapsed time: 3.72000 ms 

ALTER TABLE PUBLIC.TLONGVARCHAR REBUILD GLOBAL SECONDARY INDEX;

Table altered.

Elapsed time: 2.97500 ms 

ALTER TABLE USER1.T1 REBUILD GLOBAL SECONDARY INDEX;

Table altered.

Elapsed time: 4.35400 ms 

[2021/09/15 11:20:01 ~ 11:20:02 ] index rebuild all done!


[2021/09/15 11:21:01 ] index rebuild start!
ALTER INDEX MONITOR.TELEGRAF_GLOBAL_SETTINGS_PRIMARY_KEY_INDEX REBUILD;

Index altered.

Elapsed time: 6.78900 ms 

ALTER INDEX MONITOR.TELEGRAF_METRIC_SETTINGS_PRIMARY_KEY_INDEX REBUILD;

Index altered.

Elapsed time: 5.88900 ms 

ALTER INDEX PUBLIC.GT1_IDX REBUILD;

Index altered.

Elapsed time: 4.76100 ms 

ALTER INDEX PUBLIC.GT2_IDX REBUILD;

Index altered.

Elapsed time: 6.10900 ms 

ALTER INDEX PUBLIC.IDX_R_C1 REBUILD;

Index altered.

Elapsed time: 5.07100 ms 

ALTER INDEX PUBLIC.IDX_S_C1 REBUILD;

Index altered.

Elapsed time: 3.87700 ms 

ALTER INDEX PUBLIC.DEDUCTION_PRIMARY_KEY_INDEX REBUILD;

Index altered.

Elapsed time: 5.43900 ms 

ALTER INDEX PUBLIC.IDX_T2 REBUILD;

Index altered.

Elapsed time: 5.04400 ms 

ALTER INDEX PUBLIC.IDX_ASC REBUILD;

Index altered.

Elapsed time: 4.88300 ms 

ALTER TABLE MONITOR.TELEGRAF_GLOBAL_SETTINGS REBUILD GLOBAL SECONDARY INDEX;

Table altered.

Elapsed time: 7.13800 ms 

ALTER TABLE MONITOR.TELEGRAF_METRIC_SETTINGS REBUILD GLOBAL SECONDARY INDEX;

Table altered.

Elapsed time: 5.20800 ms 

ALTER TABLE PUBLIC.GG1 REBUILD GLOBAL SECONDARY INDEX;

Table altered.

Elapsed time: 18.17300 ms 

ALTER TABLE PUBLIC.GT1 REBUILD GLOBAL SECONDARY INDEX;

Table altered.

Elapsed time: 4.30900 ms 

ALTER TABLE PUBLIC.GT2 REBUILD GLOBAL SECONDARY INDEX;

Table altered.

Elapsed time: 5.43600 ms 

ALTER TABLE PUBLIC.R REBUILD GLOBAL SECONDARY INDEX;

Table altered.

Elapsed time: 5.06700 ms 

ALTER TABLE PUBLIC.S REBUILD GLOBAL SECONDARY INDEX;

Table altered.

Elapsed time: 4.85400 ms 

ALTER TABLE PUBLIC.T1 REBUILD GLOBAL SECONDARY INDEX;

Table altered.

Elapsed time: 5.48100 ms 

ALTER TABLE PUBLIC.TEST1 REBUILD GLOBAL SECONDARY INDEX;

Table altered.

Elapsed time: 4.01300 ms 

ALTER TABLE PUBLIC.XXXX REBUILD GLOBAL SECONDARY INDEX;

Table altered.

Elapsed time: 4.23200 ms 

ALTER TABLE PUBLIC.DEDUCTION REBUILD GLOBAL SECONDARY INDEX;

Table altered.

Elapsed time: 6.93100 ms 

ALTER TABLE PUBLIC.T2 REBUILD GLOBAL SECONDARY INDEX;

Table altered.

Elapsed time: 3.98900 ms 

ALTER TABLE PUBLIC.TLONGVARCHAR REBUILD GLOBAL SECONDARY INDEX;

Table altered.

Elapsed time: 3.42900 ms 

ALTER TABLE USER1.T1 REBUILD GLOBAL SECONDARY INDEX;

Table altered.

Elapsed time: 3.41100 ms 

[2021/09/15 11:21:01 ~ 11:21:02 ] index rebuild all done!


[2021/09/15 11:22:01 ] index rebuild start!
ALTER INDEX MONITOR.TELEGRAF_GLOBAL_SETTINGS_PRIMARY_KEY_INDEX REBUILD;

Index altered.

Elapsed time: 8.08000 ms 

ALTER INDEX MONITOR.TELEGRAF_METRIC_SETTINGS_PRIMARY_KEY_INDEX REBUILD;

Index altered.

Elapsed time: 5.49500 ms 

ALTER INDEX PUBLIC.GT1_IDX REBUILD;

Index altered.

Elapsed time: 4.61000 ms 

ALTER INDEX PUBLIC.GT2_IDX REBUILD;

Index altered.

Elapsed time: 4.49900 ms 

ALTER INDEX PUBLIC.IDX_R_C1 REBUILD;

Index altered.

Elapsed time: 4.09300 ms 

ALTER INDEX PUBLIC.IDX_S_C1 REBUILD;

Index altered.

Elapsed time: 4.29800 ms 

ALTER INDEX PUBLIC.DEDUCTION_PRIMARY_KEY_INDEX REBUILD;

Index altered.

Elapsed time: 5.24800 ms 

ALTER INDEX PUBLIC.IDX_T2 REBUILD;

Index altered.

Elapsed time: 4.03900 ms 

ALTER INDEX PUBLIC.IDX_ASC REBUILD;

Index altered.

Elapsed time: 5.57200 ms 

ALTER TABLE MONITOR.TELEGRAF_GLOBAL_SETTINGS REBUILD GLOBAL SECONDARY INDEX;

Table altered.

Elapsed time: 4.43200 ms 

ALTER TABLE MONITOR.TELEGRAF_METRIC_SETTINGS REBUILD GLOBAL SECONDARY INDEX;

Table altered.

Elapsed time: 4.35300 ms 

ALTER TABLE PUBLIC.GG1 REBUILD GLOBAL SECONDARY INDEX;

Table altered.

Elapsed time: 20.91500 ms 

ALTER TABLE PUBLIC.GT1 REBUILD GLOBAL SECONDARY INDEX;

Table altered.

Elapsed time: 5.07700 ms 

ALTER TABLE PUBLIC.GT2 REBUILD GLOBAL SECONDARY INDEX;

Table altered.

Elapsed time: 4.13900 ms 

ALTER TABLE PUBLIC.R REBUILD GLOBAL SECONDARY INDEX;

Table altered.

Elapsed time: 3.76600 ms 

ALTER TABLE PUBLIC.S REBUILD GLOBAL SECONDARY INDEX;

Table altered.

Elapsed time: 4.80000 ms 

ALTER TABLE PUBLIC.T1 REBUILD GLOBAL SECONDARY INDEX;

Table altered.

Elapsed time: 3.78100 ms 

ALTER TABLE PUBLIC.TEST1 REBUILD GLOBAL SECONDARY INDEX;

Table altered.

Elapsed time: 3.77100 ms 

ALTER TABLE PUBLIC.XXXX REBUILD GLOBAL SECONDARY INDEX;

Table altered.

Elapsed time: 3.97300 ms 

ALTER TABLE PUBLIC.DEDUCTION REBUILD GLOBAL SECONDARY INDEX;

Table altered.

Elapsed time: 6.01700 ms 

ALTER TABLE PUBLIC.T2 REBUILD GLOBAL SECONDARY INDEX;

Table altered.

Elapsed time: 5.20700 ms 

ALTER TABLE PUBLIC.TLONGVARCHAR REBUILD GLOBAL SECONDARY INDEX;

Table altered.

Elapsed time: 3.40300 ms 

ALTER TABLE USER1.T1 REBUILD GLOBAL SECONDARY INDEX;

Table altered.

Elapsed time: 3.44100 ms 

[2021/09/15 11:22:01 ~ 11:22:01 ] index rebuild all done!


[2021/09/15 11:23:01 ] index rebuild start!
ALTER INDEX MONITOR.TELEGRAF_GLOBAL_SETTINGS_PRIMARY_KEY_INDEX REBUILD;

Index altered.

Elapsed time: 6.03400 ms 

ALTER INDEX MONITOR.TELEGRAF_METRIC_SETTINGS_PRIMARY_KEY_INDEX REBUILD;

Index altered.

Elapsed time: 4.58700 ms 

ALTER INDEX PUBLIC.GT1_IDX REBUILD;

Index altered.

Elapsed time: 4.67500 ms 

ALTER INDEX PUBLIC.GT2_IDX REBUILD;

Index altered.

Elapsed time: 4.92000 ms 

ALTER INDEX PUBLIC.IDX_R_C1 REBUILD;

Index altered.

Elapsed time: 4.57200 ms 

ALTER INDEX PUBLIC.IDX_S_C1 REBUILD;

Index altered.

Elapsed time: 4.47300 ms 

ALTER INDEX PUBLIC.DEDUCTION_PRIMARY_KEY_INDEX REBUILD;

Index altered.

Elapsed time: 5.98300 ms 

ALTER INDEX PUBLIC.IDX_T2 REBUILD;

Index altered.

Elapsed time: 4.57900 ms 

ALTER INDEX PUBLIC.IDX_ASC REBUILD;

Index altered.

Elapsed time: 4.24100 ms 

ALTER TABLE MONITOR.TELEGRAF_GLOBAL_SETTINGS REBUILD GLOBAL SECONDARY INDEX;

Table altered.

Elapsed time: 4.38200 ms 

ALTER TABLE MONITOR.TELEGRAF_METRIC_SETTINGS REBUILD GLOBAL SECONDARY INDEX;

Table altered.

Elapsed time: 4.11000 ms 

ALTER TABLE PUBLIC.GG1 REBUILD GLOBAL SECONDARY INDEX;

Table altered.

Elapsed time: 15.54000 ms 

ALTER TABLE PUBLIC.GT1 REBUILD GLOBAL SECONDARY INDEX;

Table altered.

Elapsed time: 4.81200 ms 

ALTER TABLE PUBLIC.GT2 REBUILD GLOBAL SECONDARY INDEX;

Table altered.

Elapsed time: 4.32400 ms 

ALTER TABLE PUBLIC.R REBUILD GLOBAL SECONDARY INDEX;

Table altered.

Elapsed time: 3.69300 ms 

ALTER TABLE PUBLIC.S REBUILD GLOBAL SECONDARY INDEX;

Table altered.

Elapsed time: 3.70600 ms 

ALTER TABLE PUBLIC.T1 REBUILD GLOBAL SECONDARY INDEX;

Table altered.

Elapsed time: 3.35400 ms 

ALTER TABLE PUBLIC.TEST1 REBUILD GLOBAL SECONDARY INDEX;

Table altered.

Elapsed time: 3.53700 ms 

ALTER TABLE PUBLIC.XXXX REBUILD GLOBAL SECONDARY INDEX;

Table altered.

Elapsed time: 3.90900 ms 

ALTER TABLE PUBLIC.DEDUCTION REBUILD GLOBAL SECONDARY INDEX;

Table altered.

Elapsed time: 6.16800 ms 

ALTER TABLE PUBLIC.T2 REBUILD GLOBAL SECONDARY INDEX;

Table altered.

Elapsed time: 4.03800 ms 

ALTER TABLE PUBLIC.TLONGVARCHAR REBUILD GLOBAL SECONDARY INDEX;

Table altered.

Elapsed time: 3.42900 ms 

ALTER TABLE USER1.T1 REBUILD GLOBAL SECONDARY INDEX;

Table altered.

Elapsed time: 3.33700 ms 

[2021/09/15 11:23:01 ~ 11:23:02 ] index rebuild all done!


[2021/09/15 11:24:01 ] index rebuild start!
ALTER INDEX MONITOR.TELEGRAF_GLOBAL_SETTINGS_PRIMARY_KEY_INDEX REBUILD;

Index altered.

Elapsed time: 7.57000 ms 

ALTER INDEX MONITOR.TELEGRAF_METRIC_SETTINGS_PRIMARY_KEY_INDEX REBUILD;

Index altered.

Elapsed time: 5.19200 ms 

ALTER INDEX PUBLIC.GT1_IDX REBUILD;

Index altered.

Elapsed time: 7.45600 ms 

ALTER INDEX PUBLIC.GT2_IDX REBUILD;

Index altered.

Elapsed time: 5.99800 ms 

ALTER INDEX PUBLIC.IDX_R_C1 REBUILD;

Index altered.

Elapsed time: 5.41300 ms 

ALTER INDEX PUBLIC.IDX_S_C1 REBUILD;

Index altered.

Elapsed time: 5.39100 ms 

ALTER INDEX PUBLIC.DEDUCTION_PRIMARY_KEY_INDEX REBUILD;

Index altered.

Elapsed time: 5.80200 ms 

ALTER INDEX PUBLIC.IDX_T2 REBUILD;

Index altered.

Elapsed time: 4.33800 ms 

ALTER INDEX PUBLIC.IDX_ASC REBUILD;

Index altered.

Elapsed time: 4.28100 ms 

ALTER TABLE MONITOR.TELEGRAF_GLOBAL_SETTINGS REBUILD GLOBAL SECONDARY INDEX;

Table altered.

Elapsed time: 5.96600 ms 

ALTER TABLE MONITOR.TELEGRAF_METRIC_SETTINGS REBUILD GLOBAL SECONDARY INDEX;

Table altered.

Elapsed time: 4.64600 ms 

ALTER TABLE PUBLIC.GG1 REBUILD GLOBAL SECONDARY INDEX;

Table altered.

Elapsed time: 23.61300 ms 

ALTER TABLE PUBLIC.GT1 REBUILD GLOBAL SECONDARY INDEX;

Table altered.

Elapsed time: 4.34400 ms 

ALTER TABLE PUBLIC.GT2 REBUILD GLOBAL SECONDARY INDEX;

Table altered.

Elapsed time: 4.21400 ms 

ALTER TABLE PUBLIC.R REBUILD GLOBAL SECONDARY INDEX;

Table altered.

Elapsed time: 4.21600 ms 

ALTER TABLE PUBLIC.S REBUILD GLOBAL SECONDARY INDEX;

Table altered.

Elapsed time: 6.03500 ms 

ALTER TABLE PUBLIC.T1 REBUILD GLOBAL SECONDARY INDEX;

Table altered.

Elapsed time: 4.62100 ms 

ALTER TABLE PUBLIC.TEST1 REBUILD GLOBAL SECONDARY INDEX;

Table altered.

Elapsed time: 4.02200 ms 

ALTER TABLE PUBLIC.XXXX REBUILD GLOBAL SECONDARY INDEX;

Table altered.

Elapsed time: 3.90100 ms 

ALTER TABLE PUBLIC.DEDUCTION REBUILD GLOBAL SECONDARY INDEX;

Table altered.

Elapsed time: 6.49500 ms 

ALTER TABLE PUBLIC.T2 REBUILD GLOBAL SECONDARY INDEX;

Table altered.

Elapsed time: 4.16100 ms 

ALTER TABLE PUBLIC.TLONGVARCHAR REBUILD GLOBAL SECONDARY INDEX;

Table altered.

Elapsed time: 3.50600 ms 

ALTER TABLE USER1.T1 REBUILD GLOBAL SECONDARY INDEX;

Table altered.

Elapsed time: 4.99300 ms 

[2021/09/15 11:24:01 ~ 11:24:02 ] index rebuild all done!


[2021/09/15 11:25:01 ] index rebuild start!
ALTER INDEX MONITOR.TELEGRAF_GLOBAL_SETTINGS_PRIMARY_KEY_INDEX REBUILD;

Index altered.

Elapsed time: 6.68400 ms 

ALTER INDEX MONITOR.TELEGRAF_METRIC_SETTINGS_PRIMARY_KEY_INDEX REBUILD;

Index altered.

Elapsed time: 5.89300 ms 

ALTER INDEX PUBLIC.GT1_IDX REBUILD;

Index altered.

Elapsed time: 5.81200 ms 

ALTER INDEX PUBLIC.GT2_IDX REBUILD;

Index altered.

Elapsed time: 5.41600 ms 

ALTER INDEX PUBLIC.IDX_R_C1 REBUILD;

Index altered.

Elapsed time: 4.39200 ms 

ALTER INDEX PUBLIC.IDX_S_C1 REBUILD;

Index altered.

Elapsed time: 3.77800 ms 

ALTER INDEX PUBLIC.DEDUCTION_PRIMARY_KEY_INDEX REBUILD;

Index altered.

Elapsed time: 6.94400 ms 

ALTER INDEX PUBLIC.IDX_T2 REBUILD;

Index altered.

Elapsed time: 3.90200 ms 

ALTER INDEX PUBLIC.IDX_ASC REBUILD;

Index altered.

Elapsed time: 4.35400 ms 

ALTER TABLE MONITOR.TELEGRAF_GLOBAL_SETTINGS REBUILD GLOBAL SECONDARY INDEX;

Table altered.

Elapsed time: 7.06000 ms 

ALTER TABLE MONITOR.TELEGRAF_METRIC_SETTINGS REBUILD GLOBAL SECONDARY INDEX;

Table altered.

Elapsed time: 5.84700 ms 

ALTER TABLE PUBLIC.GG1 REBUILD GLOBAL SECONDARY INDEX;

Table altered.

Elapsed time: 17.77500 ms 

ALTER TABLE PUBLIC.GT1 REBUILD GLOBAL SECONDARY INDEX;

Table altered.

Elapsed time: 4.38700 ms 

ALTER TABLE PUBLIC.GT2 REBUILD GLOBAL SECONDARY INDEX;

Table altered.

Elapsed time: 5.48700 ms 

ALTER TABLE PUBLIC.R REBUILD GLOBAL SECONDARY INDEX;

Table altered.

Elapsed time: 3.87800 ms 

ALTER TABLE PUBLIC.S REBUILD GLOBAL SECONDARY INDEX;

Table altered.

Elapsed time: 4.20300 ms 

ALTER TABLE PUBLIC.T1 REBUILD GLOBAL SECONDARY INDEX;

Table altered.

Elapsed time: 3.49100 ms 

ALTER TABLE PUBLIC.TEST1 REBUILD GLOBAL SECONDARY INDEX;

Table altered.

Elapsed time: 3.92100 ms 

ALTER TABLE PUBLIC.XXXX REBUILD GLOBAL SECONDARY INDEX;

Table altered.

Elapsed time: 3.59400 ms 

ALTER TABLE PUBLIC.DEDUCTION REBUILD GLOBAL SECONDARY INDEX;

Table altered.

Elapsed time: 6.32300 ms 

ALTER TABLE PUBLIC.T2 REBUILD GLOBAL SECONDARY INDEX;

Table altered.

Elapsed time: 4.07000 ms 

ALTER TABLE PUBLIC.TLONGVARCHAR REBUILD GLOBAL SECONDARY INDEX;

Table altered.

Elapsed time: 5.05600 ms 

ALTER TABLE USER1.T1 REBUILD GLOBAL SECONDARY INDEX;

Table altered.

Elapsed time: 3.24700 ms 

[2021/09/15 11:25:01 ~ 11:25:02 ] index rebuild all done!


[2021/09/15 12:49:04 ] index rebuild start!
ALTER INDEX MONITOR.TELEGRAF_GLOBAL_SETTINGS_PRIMARY_KEY_INDEX REBUILD;

Index altered.

Elapsed time: 7.73500 ms 

ALTER INDEX MONITOR.TELEGRAF_METRIC_SETTINGS_PRIMARY_KEY_INDEX REBUILD;

Index altered.

Elapsed time: 6.40200 ms 

ALTER INDEX PUBLIC.GT1_IDX REBUILD;

Index altered.

Elapsed time: 5.56500 ms 

ALTER INDEX PUBLIC.GT2_IDX REBUILD;

Index altered.

Elapsed time: 5.16400 ms 

ALTER INDEX PUBLIC.IDX_R_C1 REBUILD;

Index altered.

Elapsed time: 4.43000 ms 

ALTER INDEX PUBLIC.IDX_S_C1 REBUILD;

Index altered.

Elapsed time: 4.43800 ms 

ALTER INDEX PUBLIC.DEDUCTION_PRIMARY_KEY_INDEX REBUILD;

Index altered.

Elapsed time: 6.38300 ms 

ALTER INDEX PUBLIC.IDX_T2 REBUILD;

Index altered.

Elapsed time: 5.48200 ms 

ALTER INDEX PUBLIC.IDX_ASC REBUILD;

Index altered.

Elapsed time: 4.09800 ms 

ALTER TABLE MONITOR.TELEGRAF_GLOBAL_SETTINGS REBUILD GLOBAL SECONDARY INDEX;

Table altered.

Elapsed time: 6.05800 ms 

ALTER TABLE MONITOR.TELEGRAF_METRIC_SETTINGS REBUILD GLOBAL SECONDARY INDEX;

Table altered.

Elapsed time: 5.50400 ms 

ALTER TABLE PUBLIC.GG1 REBUILD GLOBAL SECONDARY INDEX;

Table altered.

Elapsed time: 22.92800 ms 

ALTER TABLE PUBLIC.GT1 REBUILD GLOBAL SECONDARY INDEX;

Table altered.

Elapsed time: 4.63300 ms 

ALTER TABLE PUBLIC.GT2 REBUILD GLOBAL SECONDARY INDEX;

Table altered.

Elapsed time: 4.83600 ms 

ALTER TABLE PUBLIC.R REBUILD GLOBAL SECONDARY INDEX;

Table altered.

Elapsed time: 3.97400 ms 

ALTER TABLE PUBLIC.S REBUILD GLOBAL SECONDARY INDEX;

Table altered.

Elapsed time: 4.03000 ms 

ALTER TABLE PUBLIC.T1 REBUILD GLOBAL SECONDARY INDEX;

Table altered.

Elapsed time: 5.22700 ms 

ALTER TABLE PUBLIC.TEST1 REBUILD GLOBAL SECONDARY INDEX;

Table altered.

Elapsed time: 3.57200 ms 

ALTER TABLE PUBLIC.XXXX REBUILD GLOBAL SECONDARY INDEX;

Table altered.

Elapsed time: 4.90700 ms 

ALTER TABLE PUBLIC.DEDUCTION REBUILD GLOBAL SECONDARY INDEX;

Table altered.

Elapsed time: 6.01400 ms 

ALTER TABLE PUBLIC.T2 REBUILD GLOBAL SECONDARY INDEX;

Table altered.

Elapsed time: 3.94400 ms 

ALTER TABLE PUBLIC.TLONGVARCHAR REBUILD GLOBAL SECONDARY INDEX;

Table altered.

Elapsed time: 3.20600 ms 

ALTER TABLE USER1.T1 REBUILD GLOBAL SECONDARY INDEX;

Table altered.

Elapsed time: 2.99800 ms 

[2021/09/15 12:49:04 ~ 12:49:05 ] index rebuild all done!

